{"meta": {"format": 3, "version": "7.11.3", "timestamp": "2025-11-16T16:36:10.442753", "branch_coverage": false, "show_contexts": false}, "files": {"src\\cslrtools2\\__init__.py": {"executed_lines": [16, 18, 188, 189, 190, 192, 193, 195, 200, 210], "summary": {"covered_lines": 10, "num_statements": 12, "percent_covered": 83.33333333333333, "percent_covered_display": "83", "missing_lines": 2, "excluded_lines": 0}, "missing_lines": [196, 197], "excluded_lines": [], "functions": {"": {"executed_lines": [16, 18, 188, 189, 190, 192, 193, 195, 200, 210], "summary": {"covered_lines": 10, "num_statements": 12, "percent_covered": 83.33333333333333, "percent_covered_display": "83", "missing_lines": 2, "excluded_lines": 0}, "missing_lines": [196, 197], "excluded_lines": []}}, "classes": {"": {"executed_lines": [16, 18, 188, 189, 190, 192, 193, 195, 200, 210], "summary": {"covered_lines": 10, "num_statements": 12, "percent_covered": 83.33333333333333, "percent_covered_display": "83", "missing_lines": 2, "excluded_lines": 0}, "missing_lines": [196, 197], "excluded_lines": []}}}, "src\\cslrtools2\\_root.py": {"executed_lines": [16, 18, 20, 21], "summary": {"covered_lines": 4, "num_statements": 4, "percent_covered": 100.0, "percent_covered_display": "100", "missing_lines": 0, "excluded_lines": 0}, "missing_lines": [], "excluded_lines": [], "functions": {"": {"executed_lines": [16, 18, 20, 21], "summary": {"covered_lines": 4, "num_statements": 4, "percent_covered": 100.0, "percent_covered_display": "100", "missing_lines": 0, "excluded_lines": 0}, "missing_lines": [], "excluded_lines": []}}, "classes": {"": {"executed_lines": [16, 18, 20, 21], "summary": {"covered_lines": 4, "num_statements": 4, "percent_covered": 100.0, "percent_covered_display": "100", "missing_lines": 0, "excluded_lines": 0}, "missing_lines": [], "excluded_lines": []}}}, "src\\cslrtools2\\_version.py": {"executed_lines": [4, 13, 14, 21, 22, 24, 25, 26, 27, 28, 29, 31, 32, 34], "summary": {"covered_lines": 13, "num_statements": 13, "percent_covered": 100.0, "percent_covered_display": "100", "missing_lines": 0, "excluded_lines": 5}, "missing_lines": [], "excluded_lines": [14, 15, 16, 18, 19], "functions": {"": {"executed_lines": [4, 13, 14, 21, 22, 24, 25, 26, 27, 28, 29, 31, 32, 34], "summary": {"covered_lines": 13, "num_statements": 13, "percent_covered": 100.0, "percent_covered_display": "100", "missing_lines": 0, "excluded_lines": 5}, "missing_lines": [], "excluded_lines": [14, 15, 16, 18, 19]}}, "classes": {"": {"executed_lines": [4, 13, 14, 21, 22, 24, 25, 26, 27, 28, 29, 31, 32, 34], "summary": {"covered_lines": 13, "num_statements": 13, "percent_covered": 100.0, "percent_covered_display": "100", "missing_lines": 0, "excluded_lines": 5}, "missing_lines": [], "excluded_lines": [14, 15, 16, 18, 19]}}}, "src\\cslrtools2\\convsize.py": {"executed_lines": [17, 19, 20, 21, 22, 25, 79, 87, 152, 161, 162, 168, 169, 199, 200, 201, 204, 205, 206, 208, 209, 213, 214, 218, 225, 226, 227, 228, 230, 232, 235, 243, 244, 245, 246, 247, 257, 260, 261, 296, 297, 298, 301, 302, 303, 306, 308, 309, 313, 314, 318, 325, 326, 327, 328, 330, 332, 335, 344, 345, 346, 347, 348, 359], "summary": {"covered_lines": 54, "num_statements": 54, "percent_covered": 100.0, "percent_covered_display": "100", "missing_lines": 0, "excluded_lines": 20}, "missing_lines": [], "excluded_lines": [208, 209, 210, 211, 212, 213, 214, 215, 216, 217, 308, 309, 310, 311, 312, 313, 314, 315, 316, 317], "functions": {"conv_size": {"executed_lines": [79], "summary": {"covered_lines": 1, "num_statements": 1, "percent_covered": 100.0, "percent_covered_display": "100", "missing_lines": 0, "excluded_lines": 0}, "missing_lines": [], "excluded_lines": []}, "conv_transpose_size": {"executed_lines": [152], "summary": {"covered_lines": 1, "num_statements": 1, "percent_covered": 100.0, "percent_covered_display": "100", "missing_lines": 0, "excluded_lines": 0}, "missing_lines": [], "excluded_lines": []}, "ConvSize.__init__": {"executed_lines": [200, 201, 204, 205, 206], "summary": {"covered_lines": 5, "num_statements": 5, "percent_covered": 100.0, "percent_covered_display": "100", "missing_lines": 0, "excluded_lines": 0}, "missing_lines": [], "excluded_lines": []}, "ConvSize.forward": {"executed_lines": [225, 226, 227, 228, 230], "summary": {"covered_lines": 5, "num_statements": 5, "percent_covered": 100.0, "percent_covered_display": "100", "missing_lines": 0, "excluded_lines": 0}, "missing_lines": [], "excluded_lines": []}, "ConvSize._forward_tensor": {"executed_lines": [235], "summary": {"covered_lines": 1, "num_statements": 1, "percent_covered": 100.0, "percent_covered_display": "100", "missing_lines": 0, "excluded_lines": 0}, "missing_lines": [], "excluded_lines": []}, "ConvSize._forward_size": {"executed_lines": [244, 245, 246, 247, 257], "summary": {"covered_lines": 5, "num_statements": 5, "percent_covered": 100.0, "percent_covered_display": "100", "missing_lines": 0, "excluded_lines": 0}, "missing_lines": [], "excluded_lines": []}, "ConvTransposeSize.__init__": {"executed_lines": [297, 298, 301, 302, 303, 306], "summary": {"covered_lines": 6, "num_statements": 6, "percent_covered": 100.0, "percent_covered_display": "100", "missing_lines": 0, "excluded_lines": 0}, "missing_lines": [], "excluded_lines": []}, "ConvTransposeSize.forward": {"executed_lines": [325, 326, 327, 328, 330], "summary": {"covered_lines": 5, "num_statements": 5, "percent_covered": 100.0, "percent_covered_display": "100", "missing_lines": 0, "excluded_lines": 0}, "missing_lines": [], "excluded_lines": []}, "ConvTransposeSize._forward_tensor": {"executed_lines": [335], "summary": {"covered_lines": 1, "num_statements": 1, "percent_covered": 100.0, "percent_covered_display": "100", "missing_lines": 0, "excluded_lines": 0}, "missing_lines": [], "excluded_lines": []}, "ConvTransposeSize._forward_size": {"executed_lines": [345, 346, 347, 348, 359], "summary": {"covered_lines": 5, "num_statements": 5, "percent_covered": 100.0, "percent_covered_display": "100", "missing_lines": 0, "excluded_lines": 0}, "missing_lines": [], "excluded_lines": []}, "": {"executed_lines": [17, 19, 20, 21, 22, 25, 87, 161, 162, 168, 169, 199, 208, 209, 213, 214, 218, 232, 243, 260, 261, 296, 308, 309, 313, 314, 318, 332, 344], "summary": {"covered_lines": 19, "num_statements": 19, "percent_covered": 100.0, "percent_covered_display": "100", "missing_lines": 0, "excluded_lines": 16}, "missing_lines": [], "excluded_lines": [208, 209, 210, 212, 213, 214, 215, 217, 308, 309, 310, 312, 313, 314, 315, 317]}}, "classes": {"ConvSize": {"executed_lines": [200, 201, 204, 205, 206, 225, 226, 227, 228, 230, 235, 244, 245, 246, 247, 257], "summary": {"covered_lines": 16, "num_statements": 16, "percent_covered": 100.0, "percent_covered_display": "100", "missing_lines": 0, "excluded_lines": 2}, "missing_lines": [], "excluded_lines": [211, 216]}, "ConvTransposeSize": {"executed_lines": [297, 298, 301, 302, 303, 306, 325, 326, 327, 328, 330, 335, 345, 346, 347, 348, 359], "summary": {"covered_lines": 17, "num_statements": 17, "percent_covered": 100.0, "percent_covered_display": "100", "missing_lines": 0, "excluded_lines": 2}, "missing_lines": [], "excluded_lines": [311, 316]}, "": {"executed_lines": [17, 19, 20, 21, 22, 25, 79, 87, 152, 161, 162, 168, 169, 199, 208, 209, 213, 214, 218, 232, 243, 260, 261, 296, 308, 309, 313, 314, 318, 332, 344], "summary": {"covered_lines": 21, "num_statements": 21, "percent_covered": 100.0, "percent_covered_display": "100", "missing_lines": 0, "excluded_lines": 16}, "missing_lines": [], "excluded_lines": [208, 209, 210, 212, 213, 214, 215, 217, 308, 309, 310, 312, 313, 314, 315, 317]}}}, "src\\cslrtools2\\exceptions.py": {"executed_lines": [16, 18, 55, 71, 72, 86, 94, 95, 108, 111, 112, 125, 133, 134, 139, 142, 143, 156, 159, 160, 173, 176, 177, 191, 194, 195, 210, 218, 219, 224, 227, 228, 241, 244, 245, 259, 262, 263, 277], "summary": {"covered_lines": 26, "num_statements": 26, "percent_covered": 100.0, "percent_covered_display": "100", "missing_lines": 0, "excluded_lines": 2}, "missing_lines": [], "excluded_lines": [18, 72], "functions": {"": {"executed_lines": [16, 18, 55, 71, 72, 86, 94, 95, 108, 111, 112, 125, 133, 134, 139, 142, 143, 156, 159, 160, 173, 176, 177, 191, 194, 195, 210, 218, 219, 224, 227, 228, 241, 244, 245, 259, 262, 263, 277], "summary": {"covered_lines": 26, "num_statements": 26, "percent_covered": 100.0, "percent_covered_display": "100", "missing_lines": 0, "excluded_lines": 2}, "missing_lines": [], "excluded_lines": [18, 72]}}, "classes": {"CSLRToolsError": {"executed_lines": [], "summary": {"covered_lines": 0, "num_statements": 0, "percent_covered": 100.0, "percent_covered_display": "100", "missing_lines": 0, "excluded_lines": 0}, "missing_lines": [], "excluded_lines": []}, "ConfigurationError": {"executed_lines": [], "summary": {"covered_lines": 0, "num_statements": 0, "percent_covered": 100.0, "percent_covered_display": "100", "missing_lines": 0, "excluded_lines": 0}, "missing_lines": [], "excluded_lines": []}, "ValidationError": {"executed_lines": [], "summary": {"covered_lines": 0, "num_statements": 0, "percent_covered": 100.0, "percent_covered_display": "100", "missing_lines": 0, "excluded_lines": 0}, "missing_lines": [], "excluded_lines": []}, "LMPipeError": {"executed_lines": [], "summary": {"covered_lines": 0, "num_statements": 0, "percent_covered": 100.0, "percent_covered_display": "100", "missing_lines": 0, "excluded_lines": 0}, "missing_lines": [], "excluded_lines": []}, "EstimatorError": {"executed_lines": [], "summary": {"covered_lines": 0, "num_statements": 0, "percent_covered": 100.0, "percent_covered_display": "100", "missing_lines": 0, "excluded_lines": 0}, "missing_lines": [], "excluded_lines": []}, "CollectorError": {"executed_lines": [], "summary": {"covered_lines": 0, "num_statements": 0, "percent_covered": 100.0, "percent_covered_display": "100", "missing_lines": 0, "excluded_lines": 0}, "missing_lines": [], "excluded_lines": []}, "VideoProcessingError": {"executed_lines": [], "summary": {"covered_lines": 0, "num_statements": 0, "percent_covered": 100.0, "percent_covered_display": "100", "missing_lines": 0, "excluded_lines": 0}, "missing_lines": [], "excluded_lines": []}, "ModelDownloadError": {"executed_lines": [], "summary": {"covered_lines": 0, "num_statements": 0, "percent_covered": 100.0, "percent_covered_display": "100", "missing_lines": 0, "excluded_lines": 0}, "missing_lines": [], "excluded_lines": []}, "SLDatasetError": {"executed_lines": [], "summary": {"covered_lines": 0, "num_statements": 0, "percent_covered": 100.0, "percent_covered_display": "100", "missing_lines": 0, "excluded_lines": 0}, "missing_lines": [], "excluded_lines": []}, "DataLoadError": {"executed_lines": [], "summary": {"covered_lines": 0, "num_statements": 0, "percent_covered": 100.0, "percent_covered_display": "100", "missing_lines": 0, "excluded_lines": 0}, "missing_lines": [], "excluded_lines": []}, "DataFormatError": {"executed_lines": [], "summary": {"covered_lines": 0, "num_statements": 0, "percent_covered": 100.0, "percent_covered_display": "100", "missing_lines": 0, "excluded_lines": 0}, "missing_lines": [], "excluded_lines": []}, "PluginError": {"executed_lines": [], "summary": {"covered_lines": 0, "num_statements": 0, "percent_covered": 100.0, "percent_covered_display": "100", "missing_lines": 0, "excluded_lines": 0}, "missing_lines": [], "excluded_lines": []}, "": {"executed_lines": [16, 18, 55, 71, 72, 86, 94, 95, 108, 111, 112, 125, 133, 134, 139, 142, 143, 156, 159, 160, 173, 176, 177, 191, 194, 195, 210, 218, 219, 224, 227, 228, 241, 244, 245, 259, 262, 263, 277], "summary": {"covered_lines": 26, "num_statements": 26, "percent_covered": 100.0, "percent_covered_display": "100", "missing_lines": 0, "excluded_lines": 2}, "missing_lines": [], "excluded_lines": [18, 72]}}}, "src\\cslrtools2\\lmpipe\\__init__.py": {"executed_lines": [16, 18], "summary": {"covered_lines": 2, "num_statements": 2, "percent_covered": 100.0, "percent_covered_display": "100", "missing_lines": 0, "excluded_lines": 0}, "missing_lines": [], "excluded_lines": [], "functions": {"": {"executed_lines": [16, 18], "summary": {"covered_lines": 2, "num_statements": 2, "percent_covered": 100.0, "percent_covered_display": "100", "missing_lines": 0, "excluded_lines": 0}, "missing_lines": [], "excluded_lines": []}}, "classes": {"": {"executed_lines": [16, 18], "summary": {"covered_lines": 2, "num_statements": 2, "percent_covered": 100.0, "percent_covered_display": "100", "missing_lines": 0, "excluded_lines": 0}, "missing_lines": [], "excluded_lines": []}}}, "src\\cslrtools2\\lmpipe\\app\\holistic\\estimator.py": {"executed_lines": [16, 18, 19, 20, 24, 25, 26, 29, 30, 33, 34, 35, 39, 40, 44, 45, 49, 50, 55, 56, 58, 61, 76, 77, 78, 97, 98, 204, 205, 206, 207, 226, 227, 252], "summary": {"covered_lines": 25, "num_statements": 100, "percent_covered": 25.0, "percent_covered_display": "25", "missing_lines": 75, "excluded_lines": 26}, "missing_lines": [59, 69, 70, 71, 72, 73, 79, 81, 83, 84, 86, 87, 89, 90, 92, 93, 95, 101, 103, 104, 106, 107, 110, 111, 117, 123, 131, 132, 135, 136, 142, 148, 156, 157, 160, 161, 167, 173, 181, 182, 185, 186, 192, 194, 202, 208, 210, 212, 213, 215, 216, 218, 219, 221, 222, 224, 230, 232, 233, 237, 238, 242, 243, 247, 248, 250, 253, 254, 255, 256, 257, 258, 259, 260, 261], "excluded_lines": [30, 31, 32, 34, 35, 36, 37, 38, 39, 40, 41, 42, 43, 44, 45, 46, 47, 48, 49, 50, 51, 52, 53, 54, 74, 75], "functions": {"HolisticPoseEstimator.configure_left_hand_roi": {"executed_lines": [], "summary": {"covered_lines": 0, "num_statements": 0, "percent_covered": 100.0, "percent_covered_display": "100", "missing_lines": 0, "excluded_lines": 1}, "missing_lines": [], "excluded_lines": [37]}, "HolisticPoseEstimator.configure_right_hand_roi": {"executed_lines": [], "summary": {"covered_lines": 0, "num_statements": 0, "percent_covered": 100.0, "percent_covered_display": "100", "missing_lines": 0, "excluded_lines": 1}, "missing_lines": [], "excluded_lines": [42]}, "HolisticPoseEstimator.configure_both_hands_roi": {"executed_lines": [], "summary": {"covered_lines": 0, "num_statements": 0, "percent_covered": 100.0, "percent_covered_display": "100", "missing_lines": 0, "excluded_lines": 1}, "missing_lines": [], "excluded_lines": [47]}, "HolisticPoseEstimator.configure_face_roi": {"executed_lines": [], "summary": {"covered_lines": 0, "num_statements": 0, "percent_covered": 100.0, "percent_covered_display": "100", "missing_lines": 0, "excluded_lines": 1}, "missing_lines": [], "excluded_lines": [52]}, "HolisticEstimator.configure_estimator_name": {"executed_lines": [], "summary": {"covered_lines": 0, "num_statements": 1, "percent_covered": 0.0, "percent_covered_display": "0", "missing_lines": 1, "excluded_lines": 0}, "missing_lines": [59], "excluded_lines": []}, "HolisticEstimator.__init__": {"executed_lines": [], "summary": {"covered_lines": 0, "num_statements": 5, "percent_covered": 0.0, "percent_covered_display": "0", "missing_lines": 5, "excluded_lines": 1}, "missing_lines": [69, 70, 71, 72, 73], "excluded_lines": [74]}, "HolisticEstimator.shape": {"executed_lines": [], "summary": {"covered_lines": 0, "num_statements": 11, "percent_covered": 0.0, "percent_covered_display": "0", "missing_lines": 11, "excluded_lines": 0}, "missing_lines": [79, 81, 83, 84, 86, 87, 89, 90, 92, 93, 95], "excluded_lines": []}, "HolisticEstimator.estimate": {"executed_lines": [], "summary": {"covered_lines": 0, "num_statements": 28, "percent_covered": 0.0, "percent_covered_display": "0", "missing_lines": 28, "excluded_lines": 0}, "missing_lines": [101, 103, 104, 106, 107, 110, 111, 117, 123, 131, 132, 135, 136, 142, 148, 156, 157, 160, 161, 167, 173, 181, 182, 185, 186, 192, 194, 202], "excluded_lines": []}, "HolisticEstimator.headers": {"executed_lines": [], "summary": {"covered_lines": 0, "num_statements": 11, "percent_covered": 0.0, "percent_covered_display": "0", "missing_lines": 11, "excluded_lines": 0}, "missing_lines": [208, 210, 212, 213, 215, 216, 218, 219, 221, 222, 224], "excluded_lines": []}, "HolisticEstimator.annotate": {"executed_lines": [], "summary": {"covered_lines": 0, "num_statements": 10, "percent_covered": 0.0, "percent_covered_display": "0", "missing_lines": 10, "excluded_lines": 0}, "missing_lines": [230, 232, 233, 237, 238, 242, 243, 247, 248, 250], "excluded_lines": []}, "HolisticEstimator.setup": {"executed_lines": [], "summary": {"covered_lines": 0, "num_statements": 9, "percent_covered": 0.0, "percent_covered_display": "0", "missing_lines": 9, "excluded_lines": 0}, "missing_lines": [253, 254, 255, 256, 257, 258, 259, 260, 261], "excluded_lines": []}, "": {"executed_lines": [16, 18, 19, 20, 24, 25, 26, 29, 30, 33, 34, 35, 39, 40, 44, 45, 49, 50, 55, 56, 58, 61, 76, 77, 78, 97, 98, 204, 205, 206, 207, 226, 227, 252], "summary": {"covered_lines": 25, "num_statements": 25, "percent_covered": 100.0, "percent_covered_display": "100", "missing_lines": 0, "excluded_lines": 21}, "missing_lines": [], "excluded_lines": [30, 31, 32, 34, 35, 36, 38, 39, 40, 41, 43, 44, 45, 46, 48, 49, 50, 51, 53, 54, 75]}}, "classes": {"HolisticPartEstimator": {"executed_lines": [], "summary": {"covered_lines": 0, "num_statements": 0, "percent_covered": 100.0, "percent_covered_display": "100", "missing_lines": 0, "excluded_lines": 0}, "missing_lines": [], "excluded_lines": []}, "HolisticPoseEstimator": {"executed_lines": [], "summary": {"covered_lines": 0, "num_statements": 0, "percent_covered": 100.0, "percent_covered_display": "100", "missing_lines": 0, "excluded_lines": 4}, "missing_lines": [], "excluded_lines": [37, 42, 47, 52]}, "HolisticEstimator": {"executed_lines": [], "summary": {"covered_lines": 0, "num_statements": 75, "percent_covered": 0.0, "percent_covered_display": "0", "missing_lines": 75, "excluded_lines": 1}, "missing_lines": [59, 69, 70, 71, 72, 73, 79, 81, 83, 84, 86, 87, 89, 90, 92, 93, 95, 101, 103, 104, 106, 107, 110, 111, 117, 123, 131, 132, 135, 136, 142, 148, 156, 157, 160, 161, 167, 173, 181, 182, 185, 186, 192, 194, 202, 208, 210, 212, 213, 215, 216, 218, 219, 221, 222, 224, 230, 232, 233, 237, 238, 242, 243, 247, 248, 250, 253, 254, 255, 256, 257, 258, 259, 260, 261], "excluded_lines": [74]}, "": {"executed_lines": [16, 18, 19, 20, 24, 25, 26, 29, 30, 33, 34, 35, 39, 40, 44, 45, 49, 50, 55, 56, 58, 61, 76, 77, 78, 97, 98, 204, 205, 206, 207, 226, 227, 252], "summary": {"covered_lines": 25, "num_statements": 25, "percent_covered": 100.0, "percent_covered_display": "100", "missing_lines": 0, "excluded_lines": 21}, "missing_lines": [], "excluded_lines": [30, 31, 32, 34, 35, 36, 38, 39, 40, 41, 43, 44, 45, 46, 48, 49, 50, 51, 53, 54, 75]}}}, "src\\cslrtools2\\lmpipe\\app\\holistic\\roi.py": {"executed_lines": [16, 18, 19, 20, 23, 24, 25, 27, 28], "summary": {"covered_lines": 5, "num_statements": 5, "percent_covered": 100.0, "percent_covered_display": "100", "missing_lines": 0, "excluded_lines": 8}, "missing_lines": [], "excluded_lines": [24, 25, 26, 27, 28, 29, 30, 31], "functions": {"BaseROI.apply_roi": {"executed_lines": [25], "summary": {"covered_lines": 0, "num_statements": 0, "percent_covered": 100.0, "percent_covered_display": "100", "missing_lines": 0, "excluded_lines": 1}, "missing_lines": [], "excluded_lines": [25]}, "BaseROI.apply_world_coords": {"executed_lines": [], "summary": {"covered_lines": 0, "num_statements": 0, "percent_covered": 100.0, "percent_covered_display": "100", "missing_lines": 0, "excluded_lines": 1}, "missing_lines": [], "excluded_lines": [30]}, "": {"executed_lines": [16, 18, 19, 20, 23, 24, 27, 28], "summary": {"covered_lines": 5, "num_statements": 5, "percent_covered": 100.0, "percent_covered_display": "100", "missing_lines": 0, "excluded_lines": 5}, "missing_lines": [], "excluded_lines": [24, 26, 27, 28, 29]}}, "classes": {"BaseROI": {"executed_lines": [25], "summary": {"covered_lines": 0, "num_statements": 0, "percent_covered": 100.0, "percent_covered_display": "100", "missing_lines": 0, "excluded_lines": 2}, "missing_lines": [], "excluded_lines": [25, 30]}, "": {"executed_lines": [16, 18, 19, 20, 23, 24, 27, 28], "summary": {"covered_lines": 5, "num_statements": 5, "percent_covered": 100.0, "percent_covered_display": "100", "missing_lines": 0, "excluded_lines": 5}, "missing_lines": [], "excluded_lines": [24, 26, 27, 28, 29]}}}, "src\\cslrtools2\\lmpipe\\app\\plugins.py": {"executed_lines": [16, 18, 19, 20, 22, 25, 28, 32, 36, 37, 38, 41, 45, 48, 49, 50, 51, 52, 55], "summary": {"covered_lines": 17, "num_statements": 36, "percent_covered": 47.22222222222222, "percent_covered_display": "47", "missing_lines": 19, "excluded_lines": 5}, "missing_lines": [29, 33, 42, 56, 58, 60, 61, 63, 64, 65, 66, 70, 72, 73, 77, 78, 82, 84, 88], "excluded_lines": [22, 23, 38, 39, 40], "functions": {"_is_tuple": {"executed_lines": [], "summary": {"covered_lines": 0, "num_statements": 1, "percent_covered": 0.0, "percent_covered_display": "0", "missing_lines": 1, "excluded_lines": 0}, "missing_lines": [29], "excluded_lines": []}, "_is_nswrapper": {"executed_lines": [], "summary": {"covered_lines": 0, "num_statements": 1, "percent_covered": 0.0, "percent_covered_display": "0", "missing_lines": 1, "excluded_lines": 0}, "missing_lines": [33], "excluded_lines": []}, "_EstimatorCreator.__call__": {"executed_lines": [38], "summary": {"covered_lines": 0, "num_statements": 0, "percent_covered": 100.0, "percent_covered_display": "100", "missing_lines": 0, "excluded_lines": 1}, "missing_lines": [], "excluded_lines": [38]}, "_is_estimator_creator": {"executed_lines": [], "summary": {"covered_lines": 0, "num_statements": 1, "percent_covered": 0.0, "percent_covered_display": "0", "missing_lines": 1, "excluded_lines": 0}, "missing_lines": [42], "excluded_lines": []}, "loader": {"executed_lines": [], "summary": {"covered_lines": 0, "num_statements": 16, "percent_covered": 0.0, "percent_covered_display": "0", "missing_lines": 16, "excluded_lines": 0}, "missing_lines": [56, 58, 60, 61, 63, 64, 65, 66, 70, 72, 73, 77, 78, 82, 84, 88], "excluded_lines": []}, "": {"executed_lines": [16, 18, 19, 20, 22, 25, 28, 32, 36, 37, 41, 45, 48, 49, 50, 51, 52, 55], "summary": {"covered_lines": 17, "num_statements": 17, "percent_covered": 100.0, "percent_covered_display": "100", "missing_lines": 0, "excluded_lines": 4}, "missing_lines": [], "excluded_lines": [22, 23, 39, 40]}}, "classes": {"_EstimatorCreator": {"executed_lines": [38], "summary": {"covered_lines": 0, "num_statements": 0, "percent_covered": 100.0, "percent_covered_display": "100", "missing_lines": 0, "excluded_lines": 1}, "missing_lines": [], "excluded_lines": [38]}, "PluginInfo": {"executed_lines": [], "summary": {"covered_lines": 0, "num_statements": 0, "percent_covered": 100.0, "percent_covered_display": "100", "missing_lines": 0, "excluded_lines": 0}, "missing_lines": [], "excluded_lines": []}, "": {"executed_lines": [16, 18, 19, 20, 22, 25, 28, 32, 36, 37, 41, 45, 48, 49, 50, 51, 52, 55], "summary": {"covered_lines": 17, "num_statements": 36, "percent_covered": 47.22222222222222, "percent_covered_display": "47", "missing_lines": 19, "excluded_lines": 4}, "missing_lines": [29, 33, 42, 56, 58, 60, 61, 63, 64, 65, 66, 70, 72, 73, 77, 78, 82, 84, 88], "excluded_lines": [22, 23, 39, 40]}}}, "src\\cslrtools2\\lmpipe\\collector\\__init__.py": {"executed_lines": [16, 18, 26, 29, 41, 52], "summary": {"covered_lines": 6, "num_statements": 6, "percent_covered": 100.0, "percent_covered_display": "100", "missing_lines": 0, "excluded_lines": 0}, "missing_lines": [], "excluded_lines": [], "functions": {"": {"executed_lines": [16, 18, 26, 29, 41, 52], "summary": {"covered_lines": 6, "num_statements": 6, "percent_covered": 100.0, "percent_covered_display": "100", "missing_lines": 0, "excluded_lines": 0}, "missing_lines": [], "excluded_lines": []}}, "classes": {"": {"executed_lines": [16, 18, 26, 29, 41, 52], "summary": {"covered_lines": 6, "num_statements": 6, "percent_covered": 100.0, "percent_covered_display": "100", "missing_lines": 0, "excluded_lines": 0}, "missing_lines": [], "excluded_lines": []}}}, "src\\cslrtools2\\lmpipe\\collector\\annotated_frames\\__init__.py": {"executed_lines": [16, 18, 24, 25, 26, 27, 31, 32, 34], "summary": {"covered_lines": 9, "num_statements": 9, "percent_covered": 100.0, "percent_covered_display": "100", "missing_lines": 0, "excluded_lines": 0}, "missing_lines": [], "excluded_lines": [], "functions": {"": {"executed_lines": [16, 18, 24, 25, 26, 27, 31, 32, 34], "summary": {"covered_lines": 9, "num_statements": 9, "percent_covered": 100.0, "percent_covered_display": "100", "missing_lines": 0, "excluded_lines": 0}, "missing_lines": [], "excluded_lines": []}}, "classes": {"": {"executed_lines": [16, 18, 24, 25, 26, 27, 31, 32, 34], "summary": {"covered_lines": 9, "num_statements": 9, "percent_covered": 100.0, "percent_covered_display": "100", "missing_lines": 0, "excluded_lines": 0}, "missing_lines": [], "excluded_lines": []}}}, "src\\cslrtools2\\lmpipe\\collector\\annotated_frames\\base.py": {"executed_lines": [16, 18, 19, 20, 22, 23, 24, 26, 27, 30, 31, 33, 35, 36, 38, 39, 40, 44, 45, 46, 50, 51, 52, 60, 66, 68, 69, 83, 85, 88, 90, 104, 106, 108, 111, 113, 114, 116, 117, 118, 119, 120, 123, 124, 129, 138, 147, 151, 160, 161, 162, 163, 165, 168, 169, 171, 178, 181, 183, 186, 195, 197, 199, 208, 209, 210, 211, 213, 216, 217, 222, 223, 228, 229], "summary": {"covered_lines": 70, "num_statements": 76, "percent_covered": 92.10526315789474, "percent_covered_display": "92", "missing_lines": 6, "excluded_lines": 16}, "missing_lines": [122, 126, 135, 144, 149, 192], "excluded_lines": [42, 43, 48, 49, 58, 59, 217, 218, 219, 220, 221, 223, 224, 225, 226, 227], "functions": {"AnnotatedFramesSaveCollector.is_video": {"executed_lines": [], "summary": {"covered_lines": 0, "num_statements": 0, "percent_covered": 100.0, "percent_covered_display": "100", "missing_lines": 0, "excluded_lines": 1}, "missing_lines": [], "excluded_lines": [42]}, "AnnotatedFramesSaveCollector.is_image_sequence": {"executed_lines": [], "summary": {"covered_lines": 0, "num_statements": 0, "percent_covered": 100.0, "percent_covered_display": "100", "missing_lines": 0, "excluded_lines": 1}, "missing_lines": [], "excluded_lines": [48]}, "AnnotatedFramesSaveCollector.file_ext": {"executed_lines": [], "summary": {"covered_lines": 0, "num_statements": 0, "percent_covered": 100.0, "percent_covered_display": "100", "missing_lines": 0, "excluded_lines": 1}, "missing_lines": [], "excluded_lines": [58]}, "AnnotatedFramesSaveCollector.configure_from_options": {"executed_lines": [66], "summary": {"covered_lines": 1, "num_statements": 1, "percent_covered": 100.0, "percent_covered_display": "100", "missing_lines": 0, "excluded_lines": 0}, "missing_lines": [], "excluded_lines": []}, "AnnotatedFramesSaveCollector._get_output_path": {"executed_lines": [83, 85, 88], "summary": {"covered_lines": 3, "num_statements": 3, "percent_covered": 100.0, "percent_covered_display": "100", "missing_lines": 0, "excluded_lines": 0}, "missing_lines": [], "excluded_lines": []}, "AnnotatedFramesSaveCollector.apply_exist_rule": {"executed_lines": [104, 106, 108, 111, 113, 114, 116, 117, 118, 119, 120, 123, 124], "summary": {"covered_lines": 13, "num_statements": 15, "percent_covered": 86.66666666666667, "percent_covered_display": "87", "missing_lines": 2, "excluded_lines": 0}, "missing_lines": [122, 126], "excluded_lines": []}, "AnnotatedFramesSaveCollector._open_file": {"executed_lines": [], "summary": {"covered_lines": 0, "num_statements": 1, "percent_covered": 0.0, "percent_covered_display": "0", "missing_lines": 1, "excluded_lines": 0}, "missing_lines": [135], "excluded_lines": []}, "AnnotatedFramesSaveCollector._append_result": {"executed_lines": [], "summary": {"covered_lines": 0, "num_statements": 1, "percent_covered": 0.0, "percent_covered_display": "0", "missing_lines": 1, "excluded_lines": 0}, "missing_lines": [144], "excluded_lines": []}, "AnnotatedFramesSaveCollector._close_file": {"executed_lines": [], "summary": {"covered_lines": 0, "num_statements": 1, "percent_covered": 0.0, "percent_covered_display": "0", "missing_lines": 1, "excluded_lines": 0}, "missing_lines": [149], "excluded_lines": []}, "AnnotatedFramesSaveCollector.collect_results": {"executed_lines": [160, 161, 162, 163, 165], "summary": {"covered_lines": 5, "num_statements": 5, "percent_covered": 100.0, "percent_covered_display": "100", "missing_lines": 0, "excluded_lines": 0}, "missing_lines": [], "excluded_lines": []}, "AnnotatedFramesShowCollector.configure_from_options": {"executed_lines": [178], "summary": {"covered_lines": 1, "num_statements": 1, "percent_covered": 100.0, "percent_covered_display": "100", "missing_lines": 0, "excluded_lines": 0}, "missing_lines": [], "excluded_lines": []}, "AnnotatedFramesShowCollector._setup": {"executed_lines": [183], "summary": {"covered_lines": 1, "num_statements": 1, "percent_covered": 100.0, "percent_covered_display": "100", "missing_lines": 0, "excluded_lines": 0}, "missing_lines": [], "excluded_lines": []}, "AnnotatedFramesShowCollector._update": {"executed_lines": [], "summary": {"covered_lines": 0, "num_statements": 1, "percent_covered": 0.0, "percent_covered_display": "0", "missing_lines": 1, "excluded_lines": 0}, "missing_lines": [192], "excluded_lines": []}, "AnnotatedFramesShowCollector._cleanup": {"executed_lines": [197], "summary": {"covered_lines": 1, "num_statements": 1, "percent_covered": 100.0, "percent_covered_display": "100", "missing_lines": 0, "excluded_lines": 0}, "missing_lines": [], "excluded_lines": []}, "AnnotatedFramesShowCollector.collect_results": {"executed_lines": [208, 209, 210, 211, 213], "summary": {"covered_lines": 5, "num_statements": 5, "percent_covered": 100.0, "percent_covered_display": "100", "missing_lines": 0, "excluded_lines": 0}, "missing_lines": [], "excluded_lines": []}, "AFSaveCollectorCreator.__call__": {"executed_lines": [], "summary": {"covered_lines": 0, "num_statements": 0, "percent_covered": 100.0, "percent_covered_display": "100", "missing_lines": 0, "excluded_lines": 1}, "missing_lines": [], "excluded_lines": [219]}, "AFShowCollectorCreator.__call__": {"executed_lines": [], "summary": {"covered_lines": 0, "num_statements": 0, "percent_covered": 100.0, "percent_covered_display": "100", "missing_lines": 0, "excluded_lines": 1}, "missing_lines": [], "excluded_lines": [225]}, "": {"executed_lines": [16, 18, 19, 20, 22, 23, 24, 26, 27, 30, 31, 33, 35, 36, 38, 39, 40, 44, 45, 46, 50, 51, 52, 60, 68, 69, 90, 129, 138, 147, 151, 168, 169, 171, 181, 186, 195, 199, 216, 217, 222, 223, 228, 229], "summary": {"covered_lines": 40, "num_statements": 40, "percent_covered": 100.0, "percent_covered_display": "100", "missing_lines": 0, "excluded_lines": 11}, "missing_lines": [], "excluded_lines": [43, 49, 59, 217, 218, 220, 221, 223, 224, 226, 227]}}, "classes": {"AnnotatedFramesSaveCollector": {"executed_lines": [66, 83, 85, 88, 104, 106, 108, 111, 113, 114, 116, 117, 118, 119, 120, 123, 124, 160, 161, 162, 163, 165], "summary": {"covered_lines": 22, "num_statements": 27, "percent_covered": 81.48148148148148, "percent_covered_display": "81", "missing_lines": 5, "excluded_lines": 3}, "missing_lines": [122, 126, 135, 144, 149], "excluded_lines": [42, 48, 58]}, "AnnotatedFramesShowCollector": {"executed_lines": [178, 183, 197, 208, 209, 210, 211, 213], "summary": {"covered_lines": 8, "num_statements": 9, "percent_covered": 88.88888888888889, "percent_covered_display": "89", "missing_lines": 1, "excluded_lines": 0}, "missing_lines": [192], "excluded_lines": []}, "AFSaveCollectorCreator": {"executed_lines": [], "summary": {"covered_lines": 0, "num_statements": 0, "percent_covered": 100.0, "percent_covered_display": "100", "missing_lines": 0, "excluded_lines": 1}, "missing_lines": [], "excluded_lines": [219]}, "AFShowCollectorCreator": {"executed_lines": [], "summary": {"covered_lines": 0, "num_statements": 0, "percent_covered": 100.0, "percent_covered_display": "100", "missing_lines": 0, "excluded_lines": 1}, "missing_lines": [], "excluded_lines": [225]}, "": {"executed_lines": [16, 18, 19, 20, 22, 23, 24, 26, 27, 30, 31, 33, 35, 36, 38, 39, 40, 44, 45, 46, 50, 51, 52, 60, 68, 69, 90, 129, 138, 147, 151, 168, 169, 171, 181, 186, 195, 199, 216, 217, 222, 223, 228, 229], "summary": {"covered_lines": 40, "num_statements": 40, "percent_covered": 100.0, "percent_covered_display": "100", "missing_lines": 0, "excluded_lines": 11}, "missing_lines": [], "excluded_lines": [43, 49, 59, 217, 218, 220, 221, 223, 224, 226, 227]}}}, "src\\cslrtools2\\lmpipe\\collector\\annotated_frames\\cv2_af.py": {"executed_lines": [16, 18, 20, 21, 22, 30, 31, 38, 66, 67, 72, 73, 76, 79, 80, 81, 86, 87, 88, 89, 92, 93, 94, 96, 97, 99, 101, 102, 104, 106, 107, 109, 111, 117, 121, 122, 123, 124, 125, 126, 127, 128, 129, 132, 134, 135, 137, 143, 144, 147, 148, 153, 154, 156, 157, 159, 160, 163, 165, 168, 170, 171, 173, 174, 175, 176, 179, 182, 183, 188, 197, 198, 203, 204, 205, 207, 208, 210, 211, 212, 214, 215, 218, 233, 244, 248, 249], "summary": {"covered_lines": 85, "num_statements": 92, "percent_covered": 92.3913043478261, "percent_covered_display": "92", "missing_lines": 7, "excluded_lines": 0}, "missing_lines": [68, 69, 118, 164, 199, 200, 230], "excluded_lines": [], "functions": {"Cv2AnnotatedFramesSaveCollector.__init__": {"executed_lines": [66, 67, 72, 73, 76, 79, 80, 81, 86, 87, 88, 89, 92, 93, 94], "summary": {"covered_lines": 15, "num_statements": 17, "percent_covered": 88.23529411764706, "percent_covered_display": "88", "missing_lines": 2, "excluded_lines": 0}, "missing_lines": [68, 69], "excluded_lines": []}, "Cv2AnnotatedFramesSaveCollector.is_video": {"executed_lines": [99], "summary": {"covered_lines": 1, "num_statements": 1, "percent_covered": 100.0, "percent_covered_display": "100", "missing_lines": 0, "excluded_lines": 0}, "missing_lines": [], "excluded_lines": []}, "Cv2AnnotatedFramesSaveCollector.is_image_sequence": {"executed_lines": [104], "summary": {"covered_lines": 1, "num_statements": 1, "percent_covered": 100.0, "percent_covered_display": "100", "missing_lines": 0, "excluded_lines": 0}, "missing_lines": [], "excluded_lines": []}, "Cv2AnnotatedFramesSaveCollector.file_ext": {"executed_lines": [109], "summary": {"covered_lines": 1, "num_statements": 1, "percent_covered": 100.0, "percent_covered_display": "100", "missing_lines": 0, "excluded_lines": 0}, "missing_lines": [], "excluded_lines": []}, "Cv2AnnotatedFramesSaveCollector._get_fourcc_code": {"executed_lines": [117, 121, 122, 123, 124, 125, 126, 127, 128, 129, 132], "summary": {"covered_lines": 11, "num_statements": 12, "percent_covered": 91.66666666666667, "percent_covered_display": "92", "missing_lines": 1, "excluded_lines": 0}, "missing_lines": [118], "excluded_lines": []}, "Cv2AnnotatedFramesSaveCollector._open_file": {"executed_lines": [135, 137, 143, 144, 147, 148, 153, 154], "summary": {"covered_lines": 8, "num_statements": 8, "percent_covered": 100.0, "percent_covered_display": "100", "missing_lines": 0, "excluded_lines": 0}, "missing_lines": [], "excluded_lines": []}, "Cv2AnnotatedFramesSaveCollector._append_result": {"executed_lines": [157, 159, 160, 163, 165, 168], "summary": {"covered_lines": 6, "num_statements": 7, "percent_covered": 85.71428571428571, "percent_covered_display": "86", "missing_lines": 1, "excluded_lines": 0}, "missing_lines": [164], "excluded_lines": []}, "Cv2AnnotatedFramesSaveCollector._close_file": {"executed_lines": [171, 173, 174, 175, 176, 179], "summary": {"covered_lines": 6, "num_statements": 6, "percent_covered": 100.0, "percent_covered_display": "100", "missing_lines": 0, "excluded_lines": 0}, "missing_lines": [], "excluded_lines": []}, "Cv2AnnotatedFramesShowCollector.__init__": {"executed_lines": [197, 198, 203, 204, 205], "summary": {"covered_lines": 5, "num_statements": 7, "percent_covered": 71.42857142857143, "percent_covered_display": "71", "missing_lines": 2, "excluded_lines": 0}, "missing_lines": [199, 200], "excluded_lines": []}, "Cv2AnnotatedFramesShowCollector._setup": {"executed_lines": [208], "summary": {"covered_lines": 1, "num_statements": 1, "percent_covered": 100.0, "percent_covered_display": "100", "missing_lines": 0, "excluded_lines": 0}, "missing_lines": [], "excluded_lines": []}, "Cv2AnnotatedFramesShowCollector._update": {"executed_lines": [211, 212], "summary": {"covered_lines": 2, "num_statements": 2, "percent_covered": 100.0, "percent_covered_display": "100", "missing_lines": 0, "excluded_lines": 0}, "missing_lines": [], "excluded_lines": []}, "Cv2AnnotatedFramesShowCollector._cleanup": {"executed_lines": [215], "summary": {"covered_lines": 1, "num_statements": 1, "percent_covered": 100.0, "percent_covered_display": "100", "missing_lines": 0, "excluded_lines": 0}, "missing_lines": [], "excluded_lines": []}, "cv2_af_save_collector_creator": {"executed_lines": [], "summary": {"covered_lines": 0, "num_statements": 1, "percent_covered": 0.0, "percent_covered_display": "0", "missing_lines": 1, "excluded_lines": 0}, "missing_lines": [230], "excluded_lines": []}, "cv2_af_show_collector_creator": {"executed_lines": [244], "summary": {"covered_lines": 1, "num_statements": 1, "percent_covered": 100.0, "percent_covered_display": "100", "missing_lines": 0, "excluded_lines": 0}, "missing_lines": [], "excluded_lines": []}, "": {"executed_lines": [16, 18, 20, 21, 22, 30, 31, 38, 96, 97, 101, 102, 106, 107, 111, 134, 156, 170, 182, 183, 188, 207, 210, 214, 218, 233, 248, 249], "summary": {"covered_lines": 26, "num_statements": 26, "percent_covered": 100.0, "percent_covered_display": "100", "missing_lines": 0, "excluded_lines": 0}, "missing_lines": [], "excluded_lines": []}}, "classes": {"Cv2AnnotatedFramesSaveCollector": {"executed_lines": [66, 67, 72, 73, 76, 79, 80, 81, 86, 87, 88, 89, 92, 93, 94, 99, 104, 109, 117, 121, 122, 123, 124, 125, 126, 127, 128, 129, 132, 135, 137, 143, 144, 147, 148, 153, 154, 157, 159, 160, 163, 165, 168, 171, 173, 174, 175, 176, 179], "summary": {"covered_lines": 49, "num_statements": 53, "percent_covered": 92.45283018867924, "percent_covered_display": "92", "missing_lines": 4, "excluded_lines": 0}, "missing_lines": [68, 69, 118, 164], "excluded_lines": []}, "Cv2AnnotatedFramesShowCollector": {"executed_lines": [197, 198, 203, 204, 205, 208, 211, 212, 215], "summary": {"covered_lines": 9, "num_statements": 11, "percent_covered": 81.81818181818181, "percent_covered_display": "82", "missing_lines": 2, "excluded_lines": 0}, "missing_lines": [199, 200], "excluded_lines": []}, "": {"executed_lines": [16, 18, 20, 21, 22, 30, 31, 38, 96, 97, 101, 102, 106, 107, 111, 134, 156, 170, 182, 183, 188, 207, 210, 214, 218, 233, 244, 248, 249], "summary": {"covered_lines": 27, "num_statements": 28, "percent_covered": 96.42857142857143, "percent_covered_display": "96", "missing_lines": 1, "excluded_lines": 0}, "missing_lines": [230], "excluded_lines": []}}}, "src\\cslrtools2\\lmpipe\\collector\\annotated_frames\\matplotlib_af.py": {"executed_lines": [16, 18, 19, 21, 22, 29, 34, 35, 36, 39, 40, 45, 52, 53, 58, 59, 60, 61, 63, 64, 66, 68, 69, 71, 73, 74, 76, 78, 79, 80, 82, 83, 85, 86, 88, 89, 92, 93, 98, 104, 105, 110, 111, 112, 113, 114, 116, 117, 118, 119, 121, 122, 123, 124, 126, 128, 130, 131, 132, 133, 135, 136, 137, 138, 139, 140, 143, 158, 172, 173], "summary": {"covered_lines": 67, "num_statements": 74, "percent_covered": 90.54054054054055, "percent_covered_display": "91", "missing_lines": 7, "excluded_lines": 4}, "missing_lines": [54, 55, 84, 106, 107, 155, 169], "excluded_lines": [29, 30, 31, 32], "functions": {"MatplotlibAnnotatedFramesSaveCollector.__init__": {"executed_lines": [52, 53, 58, 59, 60, 61], "summary": {"covered_lines": 6, "num_statements": 8, "percent_covered": 75.0, "percent_covered_display": "75", "missing_lines": 2, "excluded_lines": 0}, "missing_lines": [54, 55], "excluded_lines": []}, "MatplotlibAnnotatedFramesSaveCollector.is_video": {"executed_lines": [66], "summary": {"covered_lines": 1, "num_statements": 1, "percent_covered": 100.0, "percent_covered_display": "100", "missing_lines": 0, "excluded_lines": 0}, "missing_lines": [], "excluded_lines": []}, "MatplotlibAnnotatedFramesSaveCollector.is_image_sequence": {"executed_lines": [71], "summary": {"covered_lines": 1, "num_statements": 1, "percent_covered": 100.0, "percent_covered_display": "100", "missing_lines": 0, "excluded_lines": 0}, "missing_lines": [], "excluded_lines": []}, "MatplotlibAnnotatedFramesSaveCollector.file_ext": {"executed_lines": [76], "summary": {"covered_lines": 1, "num_statements": 1, "percent_covered": 100.0, "percent_covered_display": "100", "missing_lines": 0, "excluded_lines": 0}, "missing_lines": [], "excluded_lines": []}, "MatplotlibAnnotatedFramesSaveCollector._open_file": {"executed_lines": [79, 80], "summary": {"covered_lines": 2, "num_statements": 2, "percent_covered": 100.0, "percent_covered_display": "100", "missing_lines": 0, "excluded_lines": 0}, "missing_lines": [], "excluded_lines": []}, "MatplotlibAnnotatedFramesSaveCollector._append_result": {"executed_lines": [83, 85, 86], "summary": {"covered_lines": 3, "num_statements": 4, "percent_covered": 75.0, "percent_covered_display": "75", "missing_lines": 1, "excluded_lines": 0}, "missing_lines": [84], "excluded_lines": []}, "MatplotlibAnnotatedFramesSaveCollector._close_file": {"executed_lines": [89], "summary": {"covered_lines": 1, "num_statements": 1, "percent_covered": 100.0, "percent_covered_display": "100", "missing_lines": 0, "excluded_lines": 0}, "missing_lines": [], "excluded_lines": []}, "MatplotlibAnnotatedFramesShowCollector.__init__": {"executed_lines": [104, 105, 110, 111, 112, 113, 114], "summary": {"covered_lines": 7, "num_statements": 9, "percent_covered": 77.77777777777777, "percent_covered_display": "78", "missing_lines": 2, "excluded_lines": 0}, "missing_lines": [106, 107], "excluded_lines": []}, "MatplotlibAnnotatedFramesShowCollector._setup": {"executed_lines": [117, 118, 119], "summary": {"covered_lines": 3, "num_statements": 3, "percent_covered": 100.0, "percent_covered_display": "100", "missing_lines": 0, "excluded_lines": 0}, "missing_lines": [], "excluded_lines": []}, "MatplotlibAnnotatedFramesShowCollector._update": {"executed_lines": [122, 123, 124, 126, 128, 130, 131, 132, 133], "summary": {"covered_lines": 9, "num_statements": 9, "percent_covered": 100.0, "percent_covered_display": "100", "missing_lines": 0, "excluded_lines": 0}, "missing_lines": [], "excluded_lines": []}, "MatplotlibAnnotatedFramesShowCollector._cleanup": {"executed_lines": [136, 137, 138, 139, 140], "summary": {"covered_lines": 5, "num_statements": 5, "percent_covered": 100.0, "percent_covered_display": "100", "missing_lines": 0, "excluded_lines": 0}, "missing_lines": [], "excluded_lines": []}, "matplotlib_af_save_collector_creator": {"executed_lines": [], "summary": {"covered_lines": 0, "num_statements": 1, "percent_covered": 0.0, "percent_covered_display": "0", "missing_lines": 1, "excluded_lines": 0}, "missing_lines": [155], "excluded_lines": []}, "matplotlib_af_show_collector_creator": {"executed_lines": [], "summary": {"covered_lines": 0, "num_statements": 1, "percent_covered": 0.0, "percent_covered_display": "0", "missing_lines": 1, "excluded_lines": 0}, "missing_lines": [169], "excluded_lines": []}, "": {"executed_lines": [16, 18, 19, 21, 22, 29, 34, 35, 36, 39, 40, 45, 63, 64, 68, 69, 73, 74, 78, 82, 88, 92, 93, 98, 116, 121, 135, 143, 158, 172, 173], "summary": {"covered_lines": 28, "num_statements": 28, "percent_covered": 100.0, "percent_covered_display": "100", "missing_lines": 0, "excluded_lines": 4}, "missing_lines": [], "excluded_lines": [29, 30, 31, 32]}}, "classes": {"MatplotlibAnnotatedFramesSaveCollector": {"executed_lines": [52, 53, 58, 59, 60, 61, 66, 71, 76, 79, 80, 83, 85, 86, 89], "summary": {"covered_lines": 15, "num_statements": 18, "percent_covered": 83.33333333333333, "percent_covered_display": "83", "missing_lines": 3, "excluded_lines": 0}, "missing_lines": [54, 55, 84], "excluded_lines": []}, "MatplotlibAnnotatedFramesShowCollector": {"executed_lines": [104, 105, 110, 111, 112, 113, 114, 117, 118, 119, 122, 123, 124, 126, 128, 130, 131, 132, 133, 136, 137, 138, 139, 140], "summary": {"covered_lines": 24, "num_statements": 26, "percent_covered": 92.3076923076923, "percent_covered_display": "92", "missing_lines": 2, "excluded_lines": 0}, "missing_lines": [106, 107], "excluded_lines": []}, "": {"executed_lines": [16, 18, 19, 21, 22, 29, 34, 35, 36, 39, 40, 45, 63, 64, 68, 69, 73, 74, 78, 82, 88, 92, 93, 98, 116, 121, 135, 143, 158, 172, 173], "summary": {"covered_lines": 28, "num_statements": 30, "percent_covered": 93.33333333333333, "percent_covered_display": "93", "missing_lines": 2, "excluded_lines": 4}, "missing_lines": [155, 169], "excluded_lines": [29, 30, 31, 32]}}}, "src\\cslrtools2\\lmpipe\\collector\\annotated_frames\\pil_af.py": {"executed_lines": [17, 19, 21, 22, 25, 26, 31, 33, 34, 39, 41, 43, 44, 48, 51, 65, 66], "summary": {"covered_lines": 16, "num_statements": 20, "percent_covered": 80.0, "percent_covered_display": "80", "missing_lines": 4, "excluded_lines": 0}, "missing_lines": [35, 36, 46, 62], "excluded_lines": [], "functions": {"PilAnnotatedFramesShowCollector.__init__": {"executed_lines": [33, 34, 39], "summary": {"covered_lines": 3, "num_statements": 5, "percent_covered": 60.0, "percent_covered_display": "60", "missing_lines": 2, "excluded_lines": 0}, "missing_lines": [35, 36], "excluded_lines": []}, "PilAnnotatedFramesShowCollector._update": {"executed_lines": [43, 44, 48], "summary": {"covered_lines": 3, "num_statements": 4, "percent_covered": 75.0, "percent_covered_display": "75", "missing_lines": 1, "excluded_lines": 0}, "missing_lines": [46], "excluded_lines": []}, "pil_af_show_collector_creator": {"executed_lines": [], "summary": {"covered_lines": 0, "num_statements": 1, "percent_covered": 0.0, "percent_covered_display": "0", "missing_lines": 1, "excluded_lines": 0}, "missing_lines": [62], "excluded_lines": []}, "": {"executed_lines": [17, 19, 21, 22, 25, 26, 31, 41, 51, 65, 66], "summary": {"covered_lines": 10, "num_statements": 10, "percent_covered": 100.0, "percent_covered_display": "100", "missing_lines": 0, "excluded_lines": 0}, "missing_lines": [], "excluded_lines": []}}, "classes": {"PilAnnotatedFramesShowCollector": {"executed_lines": [33, 34, 39, 43, 44, 48], "summary": {"covered_lines": 6, "num_statements": 9, "percent_covered": 66.66666666666667, "percent_covered_display": "67", "missing_lines": 3, "excluded_lines": 0}, "missing_lines": [35, 36, 46], "excluded_lines": []}, "": {"executed_lines": [17, 19, 21, 22, 25, 26, 31, 41, 51, 65, 66], "summary": {"covered_lines": 10, "num_statements": 11, "percent_covered": 90.9090909090909, "percent_covered_display": "91", "missing_lines": 1, "excluded_lines": 0}, "missing_lines": [62], "excluded_lines": []}}}, "src\\cslrtools2\\lmpipe\\collector\\annotated_frames\\torchvision_af.py": {"executed_lines": [17, 19, 21, 22, 25, 26, 31, 37, 38, 39, 44, 45, 46, 48, 50, 51, 55, 56, 61, 62, 63, 66, 80], "summary": {"covered_lines": 22, "num_statements": 26, "percent_covered": 84.61538461538461, "percent_covered_display": "85", "missing_lines": 4, "excluded_lines": 0}, "missing_lines": [40, 41, 53, 77], "excluded_lines": [], "functions": {"TorchVisionAnnotatedFramesShowCollector.__init__": {"executed_lines": [37, 38, 39, 44, 45, 46], "summary": {"covered_lines": 6, "num_statements": 8, "percent_covered": 75.0, "percent_covered_display": "75", "missing_lines": 2, "excluded_lines": 0}, "missing_lines": [40, 41], "excluded_lines": []}, "TorchVisionAnnotatedFramesShowCollector._update": {"executed_lines": [50, 51, 55, 56, 61, 62, 63], "summary": {"covered_lines": 7, "num_statements": 8, "percent_covered": 87.5, "percent_covered_display": "88", "missing_lines": 1, "excluded_lines": 0}, "missing_lines": [53], "excluded_lines": []}, "torchvision_af_show_collector_creator": {"executed_lines": [], "summary": {"covered_lines": 0, "num_statements": 1, "percent_covered": 0.0, "percent_covered_display": "0", "missing_lines": 1, "excluded_lines": 0}, "missing_lines": [77], "excluded_lines": []}, "": {"executed_lines": [17, 19, 21, 22, 25, 26, 31, 48, 66, 80], "summary": {"covered_lines": 9, "num_statements": 9, "percent_covered": 100.0, "percent_covered_display": "100", "missing_lines": 0, "excluded_lines": 0}, "missing_lines": [], "excluded_lines": []}}, "classes": {"TorchVisionAnnotatedFramesShowCollector": {"executed_lines": [37, 38, 39, 44, 45, 46, 50, 51, 55, 56, 61, 62, 63], "summary": {"covered_lines": 13, "num_statements": 16, "percent_covered": 81.25, "percent_covered_display": "81", "missing_lines": 3, "excluded_lines": 0}, "missing_lines": [40, 41, 53], "excluded_lines": []}, "": {"executed_lines": [17, 19, 21, 22, 25, 26, 31, 48, 66, 80], "summary": {"covered_lines": 9, "num_statements": 10, "percent_covered": 90.0, "percent_covered_display": "90", "missing_lines": 1, "excluded_lines": 0}, "missing_lines": [77], "excluded_lines": []}}}, "src\\cslrtools2\\lmpipe\\collector\\base.py": {"executed_lines": [15, 17, 18, 20, 21, 23, 26, 29, 30, 45, 46, 58, 59, 74, 83], "summary": {"covered_lines": 13, "num_statements": 13, "percent_covered": 100.0, "percent_covered_display": "100", "missing_lines": 0, "excluded_lines": 7}, "missing_lines": [], "excluded_lines": [23, 24, 56, 57, 71, 72, 73], "functions": {"Collector.configure_from_options": {"executed_lines": [], "summary": {"covered_lines": 0, "num_statements": 0, "percent_covered": 100.0, "percent_covered_display": "100", "missing_lines": 0, "excluded_lines": 1}, "missing_lines": [], "excluded_lines": [56]}, "Collector.collect_results": {"executed_lines": [], "summary": {"covered_lines": 0, "num_statements": 0, "percent_covered": 100.0, "percent_covered_display": "100", "missing_lines": 0, "excluded_lines": 1}, "missing_lines": [], "excluded_lines": [71]}, "Collector.apply_exist_rule": {"executed_lines": [83], "summary": {"covered_lines": 1, "num_statements": 1, "percent_covered": 100.0, "percent_covered_display": "100", "missing_lines": 0, "excluded_lines": 0}, "missing_lines": [], "excluded_lines": []}, "": {"executed_lines": [15, 17, 18, 20, 21, 23, 26, 29, 30, 45, 46, 58, 59, 74], "summary": {"covered_lines": 12, "num_statements": 12, "percent_covered": 100.0, "percent_covered_display": "100", "missing_lines": 0, "excluded_lines": 5}, "missing_lines": [], "excluded_lines": [23, 24, 57, 72, 73]}}, "classes": {"Collector": {"executed_lines": [83], "summary": {"covered_lines": 1, "num_statements": 1, "percent_covered": 100.0, "percent_covered_display": "100", "missing_lines": 0, "excluded_lines": 2}, "missing_lines": [], "excluded_lines": [56, 71]}, "": {"executed_lines": [15, 17, 18, 20, 21, 23, 26, 29, 30, 45, 46, 58, 59, 74], "summary": {"covered_lines": 12, "num_statements": 12, "percent_covered": 100.0, "percent_covered_display": "100", "missing_lines": 0, "excluded_lines": 5}, "missing_lines": [], "excluded_lines": [23, 24, 57, 72, 73]}}}, "src\\cslrtools2\\lmpipe\\collector\\landmark_matrix\\__init__.py": {"executed_lines": [16, 18, 24, 25, 26, 27, 28, 29, 30, 31, 33], "summary": {"covered_lines": 11, "num_statements": 11, "percent_covered": 100.0, "percent_covered_display": "100", "missing_lines": 0, "excluded_lines": 0}, "missing_lines": [], "excluded_lines": [], "functions": {"": {"executed_lines": [16, 18, 24, 25, 26, 27, 28, 29, 30, 31, 33], "summary": {"covered_lines": 11, "num_statements": 11, "percent_covered": 100.0, "percent_covered_display": "100", "missing_lines": 0, "excluded_lines": 0}, "missing_lines": [], "excluded_lines": []}}, "classes": {"": {"executed_lines": [16, 18, 24, 25, 26, 27, 28, 29, 30, 31, 33], "summary": {"covered_lines": 11, "num_statements": 11, "percent_covered": 100.0, "percent_covered_display": "100", "missing_lines": 0, "excluded_lines": 0}, "missing_lines": [], "excluded_lines": []}}}, "src\\cslrtools2\\lmpipe\\collector\\landmark_matrix\\base.py": {"executed_lines": [16, 18, 19, 20, 22, 23, 24, 25, 26, 28, 31, 32, 34, 35, 37, 38, 40, 41, 42, 46, 47, 48, 52, 53, 54, 62, 68, 70, 71, 86, 88, 91, 93, 107, 109, 111, 114, 116, 119, 120, 121, 122, 123, 125, 126, 127, 132, 141, 142, 158, 162, 163, 176, 177, 178, 179, 181, 183, 192, 193, 194, 195, 197, 198, 200, 210, 211, 213, 216, 217, 220], "summary": {"covered_lines": 69, "num_statements": 74, "percent_covered": 93.24324324324324, "percent_covered_display": "93", "missing_lines": 5, "excluded_lines": 9}, "missing_lines": [117, 129, 138, 155, 160], "excluded_lines": [44, 45, 50, 51, 60, 61, 217, 218, 219], "functions": {"LandmarkMatrixSaveCollector.is_perkey": {"executed_lines": [], "summary": {"covered_lines": 0, "num_statements": 0, "percent_covered": 100.0, "percent_covered_display": "100", "missing_lines": 0, "excluded_lines": 1}, "missing_lines": [], "excluded_lines": [44]}, "LandmarkMatrixSaveCollector.is_container": {"executed_lines": [], "summary": {"covered_lines": 0, "num_statements": 0, "percent_covered": 100.0, "percent_covered_display": "100", "missing_lines": 0, "excluded_lines": 1}, "missing_lines": [], "excluded_lines": [50]}, "LandmarkMatrixSaveCollector.file_ext": {"executed_lines": [], "summary": {"covered_lines": 0, "num_statements": 0, "percent_covered": 100.0, "percent_covered_display": "100", "missing_lines": 0, "excluded_lines": 1}, "missing_lines": [], "excluded_lines": [60]}, "LandmarkMatrixSaveCollector.configure_from_options": {"executed_lines": [68], "summary": {"covered_lines": 1, "num_statements": 1, "percent_covered": 100.0, "percent_covered_display": "100", "missing_lines": 0, "excluded_lines": 0}, "missing_lines": [], "excluded_lines": []}, "LandmarkMatrixSaveCollector._get_output_path": {"executed_lines": [86, 88, 91], "summary": {"covered_lines": 3, "num_statements": 3, "percent_covered": 100.0, "percent_covered_display": "100", "missing_lines": 0, "excluded_lines": 0}, "missing_lines": [], "excluded_lines": []}, "LandmarkMatrixSaveCollector.apply_exist_rule": {"executed_lines": [107, 109, 111, 114, 116, 119, 120, 121, 122, 123, 125, 126, 127], "summary": {"covered_lines": 13, "num_statements": 15, "percent_covered": 86.66666666666667, "percent_covered_display": "87", "missing_lines": 2, "excluded_lines": 0}, "missing_lines": [117, 129], "excluded_lines": []}, "LandmarkMatrixSaveCollector._open_file": {"executed_lines": [], "summary": {"covered_lines": 0, "num_statements": 1, "percent_covered": 0.0, "percent_covered_display": "0", "missing_lines": 1, "excluded_lines": 0}, "missing_lines": [138], "excluded_lines": []}, "LandmarkMatrixSaveCollector._append_result": {"executed_lines": [], "summary": {"covered_lines": 0, "num_statements": 1, "percent_covered": 0.0, "percent_covered_display": "0", "missing_lines": 1, "excluded_lines": 0}, "missing_lines": [155], "excluded_lines": []}, "LandmarkMatrixSaveCollector._close_file": {"executed_lines": [], "summary": {"covered_lines": 0, "num_statements": 1, "percent_covered": 0.0, "percent_covered_display": "0", "missing_lines": 1, "excluded_lines": 0}, "missing_lines": [160], "excluded_lines": []}, "LandmarkMatrixSaveCollector.collect_results": {"executed_lines": [176, 177, 178, 179, 181], "summary": {"covered_lines": 5, "num_statements": 5, "percent_covered": 100.0, "percent_covered_display": "100", "missing_lines": 0, "excluded_lines": 0}, "missing_lines": [], "excluded_lines": []}, "LandmarkMatrixSaveCollector._prepare_landmark_dir": {"executed_lines": [192, 193, 194, 195, 197, 198], "summary": {"covered_lines": 6, "num_statements": 6, "percent_covered": 100.0, "percent_covered_display": "100", "missing_lines": 0, "excluded_lines": 0}, "missing_lines": [], "excluded_lines": []}, "LandmarkMatrixSaveCollector._get_landmark_file_path": {"executed_lines": [210, 211, 213], "summary": {"covered_lines": 3, "num_statements": 3, "percent_covered": 100.0, "percent_covered_display": "100", "missing_lines": 0, "excluded_lines": 0}, "missing_lines": [], "excluded_lines": []}, "_LMSCCreator.__call__": {"executed_lines": [217], "summary": {"covered_lines": 0, "num_statements": 0, "percent_covered": 100.0, "percent_covered_display": "100", "missing_lines": 0, "excluded_lines": 1}, "missing_lines": [], "excluded_lines": [217]}, "": {"executed_lines": [16, 18, 19, 20, 22, 23, 24, 25, 26, 28, 31, 32, 34, 35, 37, 38, 40, 41, 42, 46, 47, 48, 52, 53, 54, 62, 70, 71, 93, 132, 141, 142, 158, 162, 163, 183, 200, 216, 220], "summary": {"covered_lines": 38, "num_statements": 38, "percent_covered": 100.0, "percent_covered_display": "100", "missing_lines": 0, "excluded_lines": 5}, "missing_lines": [], "excluded_lines": [45, 51, 61, 218, 219]}}, "classes": {"LandmarkMatrixSaveCollector": {"executed_lines": [68, 86, 88, 91, 107, 109, 111, 114, 116, 119, 120, 121, 122, 123, 125, 126, 127, 176, 177, 178, 179, 181, 192, 193, 194, 195, 197, 198, 210, 211, 213], "summary": {"covered_lines": 31, "num_statements": 36, "percent_covered": 86.11111111111111, "percent_covered_display": "86", "missing_lines": 5, "excluded_lines": 3}, "missing_lines": [117, 129, 138, 155, 160], "excluded_lines": [44, 50, 60]}, "_LMSCCreator": {"executed_lines": [217], "summary": {"covered_lines": 0, "num_statements": 0, "percent_covered": 100.0, "percent_covered_display": "100", "missing_lines": 0, "excluded_lines": 1}, "missing_lines": [], "excluded_lines": [217]}, "": {"executed_lines": [16, 18, 19, 20, 22, 23, 24, 25, 26, 28, 31, 32, 34, 35, 37, 38, 40, 41, 42, 46, 47, 48, 52, 53, 54, 62, 70, 71, 93, 132, 141, 142, 158, 162, 163, 183, 200, 216, 220], "summary": {"covered_lines": 38, "num_statements": 38, "percent_covered": 100.0, "percent_covered_display": "100", "missing_lines": 0, "excluded_lines": 5}, "missing_lines": [], "excluded_lines": [45, 51, 61, 218, 219]}}}, "src\\cslrtools2\\lmpipe\\collector\\landmark_matrix\\csv_lmsc.py": {"executed_lines": [16, 18, 19, 20, 22, 24, 25, 26, 29, 30, 32, 46, 47, 48, 49, 50, 51, 52, 53, 55, 56, 58, 60, 61, 63, 65, 66, 70, 71, 80, 81, 82, 83, 84, 86, 96, 97, 98, 99, 100, 102, 121, 122, 123, 124, 127, 128, 129, 132, 139, 147, 148, 153, 154, 155, 156, 162, 163, 164, 165, 166, 169, 170, 176, 177, 179, 180, 181, 182, 184, 198, 199, 228, 251, 252, 254, 255, 257, 264, 265, 266, 267, 268, 269, 270, 273, 282, 285, 294, 297, 306, 309], "summary": {"covered_lines": 91, "num_statements": 110, "percent_covered": 82.72727272727273, "percent_covered_display": "83", "missing_lines": 19, "excluded_lines": 0}, "missing_lines": [68, 133, 140, 149, 203, 204, 205, 206, 207, 208, 214, 215, 216, 217, 218, 219, 220, 221, 226], "excluded_lines": [], "functions": {"CsvLandmarkMatrixSaveCollector.__init__": {"executed_lines": [46, 47, 48, 49, 50, 51, 52, 53], "summary": {"covered_lines": 8, "num_statements": 8, "percent_covered": 100.0, "percent_covered_display": "100", "missing_lines": 0, "excluded_lines": 0}, "missing_lines": [], "excluded_lines": []}, "CsvLandmarkMatrixSaveCollector.is_perkey": {"executed_lines": [58], "summary": {"covered_lines": 1, "num_statements": 1, "percent_covered": 100.0, "percent_covered_display": "100", "missing_lines": 0, "excluded_lines": 0}, "missing_lines": [], "excluded_lines": []}, "CsvLandmarkMatrixSaveCollector.is_container": {"executed_lines": [63], "summary": {"covered_lines": 1, "num_statements": 1, "percent_covered": 100.0, "percent_covered_display": "100", "missing_lines": 0, "excluded_lines": 0}, "missing_lines": [], "excluded_lines": []}, "CsvLandmarkMatrixSaveCollector.file_ext": {"executed_lines": [], "summary": {"covered_lines": 0, "num_statements": 1, "percent_covered": 0.0, "percent_covered_display": "0", "missing_lines": 1, "excluded_lines": 0}, "missing_lines": [68], "excluded_lines": []}, "CsvLandmarkMatrixSaveCollector._guess_extension": {"executed_lines": [80, 81, 82, 83, 84], "summary": {"covered_lines": 5, "num_statements": 5, "percent_covered": 100.0, "percent_covered_display": "100", "missing_lines": 0, "excluded_lines": 0}, "missing_lines": [], "excluded_lines": []}, "CsvLandmarkMatrixSaveCollector._open_file": {"executed_lines": [96, 97, 98, 99, 100], "summary": {"covered_lines": 5, "num_statements": 5, "percent_covered": 100.0, "percent_covered_display": "100", "missing_lines": 0, "excluded_lines": 0}, "missing_lines": [], "excluded_lines": []}, "CsvLandmarkMatrixSaveCollector._append_with_headers": {"executed_lines": [121, 122, 123, 124, 127, 128, 129, 132, 139, 147, 148, 153, 154, 155, 156, 162, 163, 164, 165, 166, 169, 170, 176, 177, 179, 180, 181, 182], "summary": {"covered_lines": 28, "num_statements": 31, "percent_covered": 90.3225806451613, "percent_covered_display": "90", "missing_lines": 3, "excluded_lines": 0}, "missing_lines": [133, 140, 149], "excluded_lines": []}, "CsvLandmarkMatrixSaveCollector._ensure_writer": {"executed_lines": [198, 199], "summary": {"covered_lines": 2, "num_statements": 17, "percent_covered": 11.764705882352942, "percent_covered_display": "12", "missing_lines": 15, "excluded_lines": 0}, "missing_lines": [203, 204, 205, 206, 207, 208, 214, 215, 216, 217, 218, 219, 220, 221, 226], "excluded_lines": []}, "CsvLandmarkMatrixSaveCollector._append_result": {"executed_lines": [251, 252, 254, 255], "summary": {"covered_lines": 4, "num_statements": 4, "percent_covered": 100.0, "percent_covered_display": "100", "missing_lines": 0, "excluded_lines": 0}, "missing_lines": [], "excluded_lines": []}, "CsvLandmarkMatrixSaveCollector._close_file": {"executed_lines": [264, 265, 266, 267, 268, 269, 270], "summary": {"covered_lines": 7, "num_statements": 7, "percent_covered": 100.0, "percent_covered_display": "100", "missing_lines": 0, "excluded_lines": 0}, "missing_lines": [], "excluded_lines": []}, "csv_lmsc_creator": {"executed_lines": [282], "summary": {"covered_lines": 1, "num_statements": 1, "percent_covered": 100.0, "percent_covered_display": "100", "missing_lines": 0, "excluded_lines": 0}, "missing_lines": [], "excluded_lines": []}, "tsv_lmsc_creator": {"executed_lines": [294], "summary": {"covered_lines": 1, "num_statements": 1, "percent_covered": 100.0, "percent_covered_display": "100", "missing_lines": 0, "excluded_lines": 0}, "missing_lines": [], "excluded_lines": []}, "ssv_lmsc_creator": {"executed_lines": [306], "summary": {"covered_lines": 1, "num_statements": 1, "percent_covered": 100.0, "percent_covered_display": "100", "missing_lines": 0, "excluded_lines": 0}, "missing_lines": [], "excluded_lines": []}, "": {"executed_lines": [16, 18, 19, 20, 22, 24, 25, 26, 29, 30, 32, 55, 56, 60, 61, 65, 66, 70, 71, 86, 102, 184, 228, 257, 273, 285, 297, 309], "summary": {"covered_lines": 27, "num_statements": 27, "percent_covered": 100.0, "percent_covered_display": "100", "missing_lines": 0, "excluded_lines": 0}, "missing_lines": [], "excluded_lines": []}}, "classes": {"CsvLandmarkMatrixSaveCollector": {"executed_lines": [46, 47, 48, 49, 50, 51, 52, 53, 58, 63, 80, 81, 82, 83, 84, 96, 97, 98, 99, 100, 121, 122, 123, 124, 127, 128, 129, 132, 139, 147, 148, 153, 154, 155, 156, 162, 163, 164, 165, 166, 169, 170, 176, 177, 179, 180, 181, 182, 198, 199, 251, 252, 254, 255, 264, 265, 266, 267, 268, 269, 270], "summary": {"covered_lines": 61, "num_statements": 80, "percent_covered": 76.25, "percent_covered_display": "76", "missing_lines": 19, "excluded_lines": 0}, "missing_lines": [68, 133, 140, 149, 203, 204, 205, 206, 207, 208, 214, 215, 216, 217, 218, 219, 220, 221, 226], "excluded_lines": []}, "": {"executed_lines": [16, 18, 19, 20, 22, 24, 25, 26, 29, 30, 32, 55, 56, 60, 61, 65, 66, 70, 71, 86, 102, 184, 228, 257, 273, 282, 285, 294, 297, 306, 309], "summary": {"covered_lines": 30, "num_statements": 30, "percent_covered": 100.0, "percent_covered_display": "100", "missing_lines": 0, "excluded_lines": 0}, "missing_lines": [], "excluded_lines": []}}}, "src\\cslrtools2\\lmpipe\\collector\\landmark_matrix\\json_lmsc.py": {"executed_lines": [16, 18, 19, 20, 22, 24, 25, 28, 29, 31, 45, 46, 49, 50, 51, 52, 53, 55, 56, 58, 60, 61, 63, 65, 66, 68, 70, 71, 72, 74, 80, 81, 82, 83, 85, 86, 88, 89, 90, 91, 92, 93, 96, 105, 108, 117, 120], "summary": {"covered_lines": 46, "num_statements": 47, "percent_covered": 97.87234042553192, "percent_covered_display": "98", "missing_lines": 1, "excluded_lines": 0}, "missing_lines": [87], "excluded_lines": [], "functions": {"JsonLandmarkMatrixSaveCollector.__init__": {"executed_lines": [45, 46, 49, 50, 51, 52, 53], "summary": {"covered_lines": 7, "num_statements": 7, "percent_covered": 100.0, "percent_covered_display": "100", "missing_lines": 0, "excluded_lines": 0}, "missing_lines": [], "excluded_lines": []}, "JsonLandmarkMatrixSaveCollector.is_perkey": {"executed_lines": [58], "summary": {"covered_lines": 1, "num_statements": 1, "percent_covered": 100.0, "percent_covered_display": "100", "missing_lines": 0, "excluded_lines": 0}, "missing_lines": [], "excluded_lines": []}, "JsonLandmarkMatrixSaveCollector.is_container": {"executed_lines": [63], "summary": {"covered_lines": 1, "num_statements": 1, "percent_covered": 100.0, "percent_covered_display": "100", "missing_lines": 0, "excluded_lines": 0}, "missing_lines": [], "excluded_lines": []}, "JsonLandmarkMatrixSaveCollector.file_ext": {"executed_lines": [68], "summary": {"covered_lines": 1, "num_statements": 1, "percent_covered": 100.0, "percent_covered_display": "100", "missing_lines": 0, "excluded_lines": 0}, "missing_lines": [], "excluded_lines": []}, "JsonLandmarkMatrixSaveCollector._open_file": {"executed_lines": [71, 72], "summary": {"covered_lines": 2, "num_statements": 2, "percent_covered": 100.0, "percent_covered_display": "100", "missing_lines": 0, "excluded_lines": 0}, "missing_lines": [], "excluded_lines": []}, "JsonLandmarkMatrixSaveCollector._append_result": {"executed_lines": [80, 81, 82, 83], "summary": {"covered_lines": 4, "num_statements": 4, "percent_covered": 100.0, "percent_covered_display": "100", "missing_lines": 0, "excluded_lines": 0}, "missing_lines": [], "excluded_lines": []}, "JsonLandmarkMatrixSaveCollector._close_file": {"executed_lines": [86, 88, 89, 90, 91, 92, 93], "summary": {"covered_lines": 7, "num_statements": 8, "percent_covered": 87.5, "percent_covered_display": "88", "missing_lines": 1, "excluded_lines": 0}, "missing_lines": [87], "excluded_lines": []}, "json_lmsc_creator": {"executed_lines": [105], "summary": {"covered_lines": 1, "num_statements": 1, "percent_covered": 100.0, "percent_covered_display": "100", "missing_lines": 0, "excluded_lines": 0}, "missing_lines": [], "excluded_lines": []}, "jsonc_lmsc_creator": {"executed_lines": [117], "summary": {"covered_lines": 1, "num_statements": 1, "percent_covered": 100.0, "percent_covered_display": "100", "missing_lines": 0, "excluded_lines": 0}, "missing_lines": [], "excluded_lines": []}, "": {"executed_lines": [16, 18, 19, 20, 22, 24, 25, 28, 29, 31, 55, 56, 60, 61, 65, 66, 70, 74, 85, 96, 108, 120], "summary": {"covered_lines": 21, "num_statements": 21, "percent_covered": 100.0, "percent_covered_display": "100", "missing_lines": 0, "excluded_lines": 0}, "missing_lines": [], "excluded_lines": []}}, "classes": {"JsonLandmarkMatrixSaveCollector": {"executed_lines": [45, 46, 49, 50, 51, 52, 53, 58, 63, 68, 71, 72, 80, 81, 82, 83, 86, 88, 89, 90, 91, 92, 93], "summary": {"covered_lines": 23, "num_statements": 24, "percent_covered": 95.83333333333333, "percent_covered_display": "96", "missing_lines": 1, "excluded_lines": 0}, "missing_lines": [87], "excluded_lines": []}, "": {"executed_lines": [16, 18, 19, 20, 22, 24, 25, 28, 29, 31, 55, 56, 60, 61, 65, 66, 70, 74, 85, 96, 105, 108, 117, 120], "summary": {"covered_lines": 23, "num_statements": 23, "percent_covered": 100.0, "percent_covered_display": "100", "missing_lines": 0, "excluded_lines": 0}, "missing_lines": [], "excluded_lines": []}}}, "src\\cslrtools2\\lmpipe\\collector\\landmark_matrix\\npy_lmsc.py": {"executed_lines": [16, 18, 19, 21, 23, 24, 27, 28, 30, 32, 33, 35, 36, 38, 40, 41, 43, 45, 46, 48, 50, 51, 52, 54, 60, 61, 62, 63, 65, 66, 68, 69, 70, 71, 72, 73, 74, 75, 76, 77, 78, 80, 81, 82, 85, 94, 97], "summary": {"covered_lines": 46, "num_statements": 47, "percent_covered": 97.87234042553192, "percent_covered_display": "98", "missing_lines": 1, "excluded_lines": 0}, "missing_lines": [67], "excluded_lines": [], "functions": {"NpyLandmarkMatrixSaveCollector.__init__": {"executed_lines": [32, 33], "summary": {"covered_lines": 2, "num_statements": 2, "percent_covered": 100.0, "percent_covered_display": "100", "missing_lines": 0, "excluded_lines": 0}, "missing_lines": [], "excluded_lines": []}, "NpyLandmarkMatrixSaveCollector.is_perkey": {"executed_lines": [38], "summary": {"covered_lines": 1, "num_statements": 1, "percent_covered": 100.0, "percent_covered_display": "100", "missing_lines": 0, "excluded_lines": 0}, "missing_lines": [], "excluded_lines": []}, "NpyLandmarkMatrixSaveCollector.is_container": {"executed_lines": [43], "summary": {"covered_lines": 1, "num_statements": 1, "percent_covered": 100.0, "percent_covered_display": "100", "missing_lines": 0, "excluded_lines": 0}, "missing_lines": [], "excluded_lines": []}, "NpyLandmarkMatrixSaveCollector.file_ext": {"executed_lines": [48], "summary": {"covered_lines": 1, "num_statements": 1, "percent_covered": 100.0, "percent_covered_display": "100", "missing_lines": 0, "excluded_lines": 0}, "missing_lines": [], "excluded_lines": []}, "NpyLandmarkMatrixSaveCollector._open_file": {"executed_lines": [51, 52], "summary": {"covered_lines": 2, "num_statements": 2, "percent_covered": 100.0, "percent_covered_display": "100", "missing_lines": 0, "excluded_lines": 0}, "missing_lines": [], "excluded_lines": []}, "NpyLandmarkMatrixSaveCollector._append_result": {"executed_lines": [60, 61, 62, 63], "summary": {"covered_lines": 4, "num_statements": 4, "percent_covered": 100.0, "percent_covered_display": "100", "missing_lines": 0, "excluded_lines": 0}, "missing_lines": [], "excluded_lines": []}, "NpyLandmarkMatrixSaveCollector._close_file": {"executed_lines": [66, 68, 69, 70, 71, 72, 73, 74, 75, 76, 77, 78, 80, 81, 82], "summary": {"covered_lines": 15, "num_statements": 16, "percent_covered": 93.75, "percent_covered_display": "94", "missing_lines": 1, "excluded_lines": 0}, "missing_lines": [67], "excluded_lines": []}, "npy_lmsc_creator": {"executed_lines": [94], "summary": {"covered_lines": 1, "num_statements": 1, "percent_covered": 100.0, "percent_covered_display": "100", "missing_lines": 0, "excluded_lines": 0}, "missing_lines": [], "excluded_lines": []}, "": {"executed_lines": [16, 18, 19, 21, 23, 24, 27, 28, 30, 35, 36, 40, 41, 45, 46, 50, 54, 65, 85, 97], "summary": {"covered_lines": 19, "num_statements": 19, "percent_covered": 100.0, "percent_covered_display": "100", "missing_lines": 0, "excluded_lines": 0}, "missing_lines": [], "excluded_lines": []}}, "classes": {"NpyLandmarkMatrixSaveCollector": {"executed_lines": [32, 33, 38, 43, 48, 51, 52, 60, 61, 62, 63, 66, 68, 69, 70, 71, 72, 73, 74, 75, 76, 77, 78, 80, 81, 82], "summary": {"covered_lines": 26, "num_statements": 27, "percent_covered": 96.29629629629629, "percent_covered_display": "96", "missing_lines": 1, "excluded_lines": 0}, "missing_lines": [67], "excluded_lines": []}, "": {"executed_lines": [16, 18, 19, 21, 23, 24, 27, 28, 30, 35, 36, 40, 41, 45, 46, 50, 54, 65, 85, 94, 97], "summary": {"covered_lines": 20, "num_statements": 20, "percent_covered": 100.0, "percent_covered_display": "100", "missing_lines": 0, "excluded_lines": 0}, "missing_lines": [], "excluded_lines": []}}}, "src\\cslrtools2\\lmpipe\\collector\\landmark_matrix\\npz_lmsc.py": {"executed_lines": [16, 18, 19, 21, 23, 24, 27, 28, 30, 32, 34, 35, 37, 38, 40, 42, 43, 45, 47, 48, 50, 52, 53, 54, 56, 62, 63, 64, 66, 67, 69, 70, 72, 73, 74, 75, 78, 87, 90], "summary": {"covered_lines": 38, "num_statements": 39, "percent_covered": 97.43589743589743, "percent_covered_display": "97", "missing_lines": 1, "excluded_lines": 0}, "missing_lines": [68], "excluded_lines": [], "functions": {"NpzLandmarkMatrixSaveCollector.__init__": {"executed_lines": [34, 35], "summary": {"covered_lines": 2, "num_statements": 2, "percent_covered": 100.0, "percent_covered_display": "100", "missing_lines": 0, "excluded_lines": 0}, "missing_lines": [], "excluded_lines": []}, "NpzLandmarkMatrixSaveCollector.is_perkey": {"executed_lines": [40], "summary": {"covered_lines": 1, "num_statements": 1, "percent_covered": 100.0, "percent_covered_display": "100", "missing_lines": 0, "excluded_lines": 0}, "missing_lines": [], "excluded_lines": []}, "NpzLandmarkMatrixSaveCollector.is_container": {"executed_lines": [45], "summary": {"covered_lines": 1, "num_statements": 1, "percent_covered": 100.0, "percent_covered_display": "100", "missing_lines": 0, "excluded_lines": 0}, "missing_lines": [], "excluded_lines": []}, "NpzLandmarkMatrixSaveCollector.file_ext": {"executed_lines": [50], "summary": {"covered_lines": 1, "num_statements": 1, "percent_covered": 100.0, "percent_covered_display": "100", "missing_lines": 0, "excluded_lines": 0}, "missing_lines": [], "excluded_lines": []}, "NpzLandmarkMatrixSaveCollector._open_file": {"executed_lines": [53, 54], "summary": {"covered_lines": 2, "num_statements": 2, "percent_covered": 100.0, "percent_covered_display": "100", "missing_lines": 0, "excluded_lines": 0}, "missing_lines": [], "excluded_lines": []}, "NpzLandmarkMatrixSaveCollector._append_result": {"executed_lines": [62, 63, 64], "summary": {"covered_lines": 3, "num_statements": 3, "percent_covered": 100.0, "percent_covered_display": "100", "missing_lines": 0, "excluded_lines": 0}, "missing_lines": [], "excluded_lines": []}, "NpzLandmarkMatrixSaveCollector._close_file": {"executed_lines": [67, 69, 70, 72, 73, 74, 75], "summary": {"covered_lines": 7, "num_statements": 8, "percent_covered": 87.5, "percent_covered_display": "88", "missing_lines": 1, "excluded_lines": 0}, "missing_lines": [68], "excluded_lines": []}, "npz_lmsc_creator": {"executed_lines": [87], "summary": {"covered_lines": 1, "num_statements": 1, "percent_covered": 100.0, "percent_covered_display": "100", "missing_lines": 0, "excluded_lines": 0}, "missing_lines": [], "excluded_lines": []}, "": {"executed_lines": [16, 18, 19, 21, 23, 24, 27, 28, 30, 32, 37, 38, 42, 43, 47, 48, 52, 56, 66, 78, 90], "summary": {"covered_lines": 20, "num_statements": 20, "percent_covered": 100.0, "percent_covered_display": "100", "missing_lines": 0, "excluded_lines": 0}, "missing_lines": [], "excluded_lines": []}}, "classes": {"NpzLandmarkMatrixSaveCollector": {"executed_lines": [34, 35, 40, 45, 50, 53, 54, 62, 63, 64, 67, 69, 70, 72, 73, 74, 75], "summary": {"covered_lines": 17, "num_statements": 18, "percent_covered": 94.44444444444444, "percent_covered_display": "94", "missing_lines": 1, "excluded_lines": 0}, "missing_lines": [68], "excluded_lines": []}, "": {"executed_lines": [16, 18, 19, 21, 23, 24, 27, 28, 30, 32, 37, 38, 42, 43, 47, 48, 52, 56, 66, 78, 87, 90], "summary": {"covered_lines": 21, "num_statements": 21, "percent_covered": 100.0, "percent_covered_display": "100", "missing_lines": 0, "excluded_lines": 0}, "missing_lines": [], "excluded_lines": []}}}, "src\\cslrtools2\\lmpipe\\collector\\landmark_matrix\\safetensors_lmsc.py": {"executed_lines": [16, 18, 19, 21, 22, 24, 25, 28, 29, 31, 33, 35, 36, 38, 39, 41, 43, 44, 46, 48, 49, 51, 53, 54, 55, 57, 63, 64, 65, 67, 68, 70, 71, 73, 74, 75, 76, 79, 90, 93], "summary": {"covered_lines": 39, "num_statements": 40, "percent_covered": 97.5, "percent_covered_display": "98", "missing_lines": 1, "excluded_lines": 0}, "missing_lines": [69], "excluded_lines": [], "functions": {"SafetensorsLandmarkMatrixSaveCollector.__init__": {"executed_lines": [35, 36], "summary": {"covered_lines": 2, "num_statements": 2, "percent_covered": 100.0, "percent_covered_display": "100", "missing_lines": 0, "excluded_lines": 0}, "missing_lines": [], "excluded_lines": []}, "SafetensorsLandmarkMatrixSaveCollector.is_perkey": {"executed_lines": [41], "summary": {"covered_lines": 1, "num_statements": 1, "percent_covered": 100.0, "percent_covered_display": "100", "missing_lines": 0, "excluded_lines": 0}, "missing_lines": [], "excluded_lines": []}, "SafetensorsLandmarkMatrixSaveCollector.is_container": {"executed_lines": [46], "summary": {"covered_lines": 1, "num_statements": 1, "percent_covered": 100.0, "percent_covered_display": "100", "missing_lines": 0, "excluded_lines": 0}, "missing_lines": [], "excluded_lines": []}, "SafetensorsLandmarkMatrixSaveCollector.file_ext": {"executed_lines": [51], "summary": {"covered_lines": 1, "num_statements": 1, "percent_covered": 100.0, "percent_covered_display": "100", "missing_lines": 0, "excluded_lines": 0}, "missing_lines": [], "excluded_lines": []}, "SafetensorsLandmarkMatrixSaveCollector._open_file": {"executed_lines": [54, 55], "summary": {"covered_lines": 2, "num_statements": 2, "percent_covered": 100.0, "percent_covered_display": "100", "missing_lines": 0, "excluded_lines": 0}, "missing_lines": [], "excluded_lines": []}, "SafetensorsLandmarkMatrixSaveCollector._append_result": {"executed_lines": [63, 64, 65], "summary": {"covered_lines": 3, "num_statements": 3, "percent_covered": 100.0, "percent_covered_display": "100", "missing_lines": 0, "excluded_lines": 0}, "missing_lines": [], "excluded_lines": []}, "SafetensorsLandmarkMatrixSaveCollector._close_file": {"executed_lines": [68, 70, 71, 73, 74, 75, 76], "summary": {"covered_lines": 7, "num_statements": 8, "percent_covered": 87.5, "percent_covered_display": "88", "missing_lines": 1, "excluded_lines": 0}, "missing_lines": [69], "excluded_lines": []}, "safetensors_lmsc_creator": {"executed_lines": [90], "summary": {"covered_lines": 1, "num_statements": 1, "percent_covered": 100.0, "percent_covered_display": "100", "missing_lines": 0, "excluded_lines": 0}, "missing_lines": [], "excluded_lines": []}, "": {"executed_lines": [16, 18, 19, 21, 22, 24, 25, 28, 29, 31, 33, 38, 39, 43, 44, 48, 49, 53, 57, 67, 79, 93], "summary": {"covered_lines": 21, "num_statements": 21, "percent_covered": 100.0, "percent_covered_display": "100", "missing_lines": 0, "excluded_lines": 0}, "missing_lines": [], "excluded_lines": []}}, "classes": {"SafetensorsLandmarkMatrixSaveCollector": {"executed_lines": [35, 36, 41, 46, 51, 54, 55, 63, 64, 65, 68, 70, 71, 73, 74, 75, 76], "summary": {"covered_lines": 17, "num_statements": 18, "percent_covered": 94.44444444444444, "percent_covered_display": "94", "missing_lines": 1, "excluded_lines": 0}, "missing_lines": [69], "excluded_lines": []}, "": {"executed_lines": [16, 18, 19, 21, 22, 24, 25, 28, 29, 31, 33, 38, 39, 43, 44, 48, 49, 53, 57, 67, 79, 90, 93], "summary": {"covered_lines": 22, "num_statements": 22, "percent_covered": 100.0, "percent_covered_display": "100", "missing_lines": 0, "excluded_lines": 0}, "missing_lines": [], "excluded_lines": []}}}, "src\\cslrtools2\\lmpipe\\collector\\landmark_matrix\\torch_lmsc.py": {"executed_lines": [16, 18, 19, 21, 23, 24, 27, 28, 35, 43, 44, 47, 48, 49, 50, 51, 52, 54, 55, 57, 59, 60, 62, 64, 65, 67, 69, 70, 71, 72, 74, 77, 78, 80, 86, 87, 88, 90, 91, 93, 95, 96, 97, 98, 100, 101, 104, 106, 107, 109, 112, 113, 114, 117, 126, 129, 138, 141], "summary": {"covered_lines": 57, "num_statements": 59, "percent_covered": 96.61016949152543, "percent_covered_display": "97", "missing_lines": 2, "excluded_lines": 0}, "missing_lines": [94, 105], "excluded_lines": [], "functions": {"TorchLandmarkMatrixSaveCollector.__init__": {"executed_lines": [43, 44, 47, 48, 49, 50, 51, 52], "summary": {"covered_lines": 8, "num_statements": 8, "percent_covered": 100.0, "percent_covered_display": "100", "missing_lines": 0, "excluded_lines": 0}, "missing_lines": [], "excluded_lines": []}, "TorchLandmarkMatrixSaveCollector.is_perkey": {"executed_lines": [57], "summary": {"covered_lines": 1, "num_statements": 1, "percent_covered": 100.0, "percent_covered_display": "100", "missing_lines": 0, "excluded_lin
[...]
 [], "excluded_lines": []}, "NpzLoader": {"executed_lines": [198, 199, 200, 204], "summary": {"covered_lines": 4, "num_statements": 4, "percent_covered": 100.0, "percent_covered_display": "100", "missing_lines": 0, "excluded_lines": 0}, "missing_lines": [], "excluded_lines": []}, "TorchLoader": {"executed_lines": [226, 227, 228, 232, 247, 248, 249, 253], "summary": {"covered_lines": 8, "num_statements": 8, "percent_covered": 100.0, "percent_covered_display": "100", "missing_lines": 0, "excluded_lines": 0}, "missing_lines": [], "excluded_lines": []}, "SafetensorsLoader": {"executed_lines": [276, 277, 283], "summary": {"covered_lines": 3, "num_statements": 4, "percent_covered": 75.0, "percent_covered_display": "75", "missing_lines": 1, "excluded_lines": 0}, "missing_lines": [278], "excluded_lines": []}, "ZarrLoader": {"executed_lines": [303, 304], "summary": {"covered_lines": 2, "num_statements": 2, "percent_covered": 100.0, "percent_covered_display": "100", "missing_lines": 0, "excluded_lines": 0}, "missing_lines": [], "excluded_lines": []}, "": {"executed_lines": [16, 26, 27, 28, 30, 31, 32, 33, 34, 35, 37, 38, 41, 51, 52, 53, 54, 57, 58, 67, 68, 80, 81, 90, 91, 104, 105, 113, 116, 131, 132, 138, 150, 151, 157, 178, 179, 185, 207, 208, 214, 234, 256, 257, 263, 286, 287, 293, 307, 308, 310, 320], "summary": {"covered_lines": 43, "num_statements": 43, "percent_covered": 100.0, "percent_covered_display": "100", "missing_lines": 0, "excluded_lines": 4}, "missing_lines": [], "excluded_lines": [78, 79, 102, 103]}}}, "src\\cslrtools2\\sldataset\\dataset\\__init__.py": {"executed_lines": [15, 21, 24, 27, 35, 51], "summary": {"covered_lines": 5, "num_statements": 5, "percent_covered": 100.0, "percent_covered_display": "100", "missing_lines": 0, "excluded_lines": 0}, "missing_lines": [], "excluded_lines": [], "functions": {"": {"executed_lines": [15, 21, 24, 27, 35, 51], "summary": {"covered_lines": 5, "num_statements": 5, "percent_covered": 100.0, "percent_covered_display": "100", "missing_lines": 0, "excluded_lines": 0}, "missing_lines": [], "excluded_lines": []}}, "classes": {"": {"executed_lines": [15, 21, 24, 27, 35, 51], "summary": {"covered_lines": 5, "num_statements": 5, "percent_covered": 100.0, "percent_covered_display": "100", "missing_lines": 0, "excluded_lines": 0}, "missing_lines": [], "excluded_lines": []}}}, "src\\cslrtools2\\sldataset\\dataset\\core.py": {"executed_lines": [21, 23, 24, 26, 27, 28, 29, 30, 32, 35, 37, 38, 39, 40, 41, 50, 54, 62, 63, 64, 65, 66, 69, 70, 71, 74, 77, 82, 83, 85, 90, 91, 95, 96, 101, 103, 129, 132, 139, 140, 141, 143, 148, 149, 151, 152, 153, 155, 158, 166, 167, 170, 176, 177, 178, 179, 181, 183, 185, 186, 187, 193, 196, 200, 207, 208, 209, 211, 216, 217, 218, 220, 223, 232, 238, 239, 241, 243, 244, 246, 247, 248, 250, 251, 256, 257, 259], "summary": {"covered_lines": 80, "num_statements": 82, "percent_covered": 97.5609756097561, "percent_covered_display": "98", "missing_lines": 2, "excluded_lines": 12}, "missing_lines": [180, 182], "excluded_lines": [32, 33, 63, 64, 65, 66, 67, 68, 70, 71, 72, 73], "functions": {"Dataset.__len__": {"executed_lines": [64], "summary": {"covered_lines": 0, "num_statements": 0, "percent_covered": 100.0, "percent_covered_display": "100", "missing_lines": 0, "excluded_lines": 1}, "missing_lines": [], "excluded_lines": [64]}, "Dataset.__getitem__": {"executed_lines": [66], "summary": {"covered_lines": 0, "num_statements": 0, "percent_covered": 100.0, "percent_covered_display": "100", "missing_lines": 0, "excluded_lines": 1}, "missing_lines": [], "excluded_lines": [66]}, "IterableDataset.__iter__": {"executed_lines": [71], "summary": {"covered_lines": 0, "num_statements": 0, "percent_covered": 100.0, "percent_covered_display": "100", "missing_lines": 0, "excluded_lines": 1}, "missing_lines": [], "excluded_lines": [71]}, "SLDatasetBatch.__init__": {"executed_lines": [82, 83, 85], "summary": {"covered_lines": 3, "num_statements": 3, "percent_covered": 100.0, "percent_covered_display": "100", "missing_lines": 0, "excluded_lines": 0}, "missing_lines": [], "excluded_lines": []}, "SLDatasetBatch.to": {"executed_lines": [91], "summary": {"covered_lines": 1, "num_statements": 1, "percent_covered": 100.0, "percent_covered_display": "100", "missing_lines": 0, "excluded_lines": 0}, "missing_lines": [], "excluded_lines": []}, "SLDatasetBatch.from_batch": {"executed_lines": [101, 103], "summary": {"covered_lines": 2, "num_statements": 2, "percent_covered": 100.0, "percent_covered_display": "100", "missing_lines": 0, "excluded_lines": 0}, "missing_lines": [], "excluded_lines": []}, "SLDataset.__init__": {"executed_lines": [139, 140, 141, 143], "summary": {"covered_lines": 4, "num_statements": 4, "percent_covered": 100.0, "percent_covered_display": "100", "missing_lines": 0, "excluded_lines": 0}, "missing_lines": [], "excluded_lines": []}, "SLDataset.__len__": {"executed_lines": [149], "summary": {"covered_lines": 1, "num_statements": 1, "percent_covered": 100.0, "percent_covered_display": "100", "missing_lines": 0, "excluded_lines": 0}, "missing_lines": [], "excluded_lines": []}, "SLDataset.__getitem__": {"executed_lines": [152, 153], "summary": {"covered_lines": 2, "num_statements": 2, "percent_covered": 100.0, "percent_covered_display": "100", "missing_lines": 0, "excluded_lines": 0}, "missing_lines": [], "excluded_lines": []}, "SLDataset.to_partially": {"executed_lines": [158], "summary": {"covered_lines": 1, "num_statements": 1, "percent_covered": 100.0, "percent_covered_display": "100", "missing_lines": 0, "excluded_lines": 0}, "missing_lines": [], "excluded_lines": []}, "SLDataset.from_zarr": {"executed_lines": [170, 176, 177, 178, 179, 181, 183, 185, 186, 187, 193], "summary": {"covered_lines": 11, "num_statements": 13, "percent_covered": 84.61538461538461, "percent_covered_display": "85", "missing_lines": 2, "excluded_lines": 0}, "missing_lines": [180, 182], "excluded_lines": []}, "IterableSLDataset.__init__": {"executed_lines": [207, 208, 209, 211], "summary": {"covered_lines": 4, "num_statements": 4, "percent_covered": 100.0, "percent_covered_display": "100", "missing_lines": 0, "excluded_lines": 0}, "missing_lines": [], "excluded_lines": []}, "IterableSLDataset.__iter__": {"executed_lines": [217, 218], "summary": {"covered_lines": 2, "num_statements": 2, "percent_covered": 100.0, "percent_covered_display": "100", "missing_lines": 0, "excluded_lines": 0}, "missing_lines": [], "excluded_lines": []}, "IterableSLDataset.to_partially": {"executed_lines": [223], "summary": {"covered_lines": 1, "num_statements": 1, "percent_covered": 100.0, "percent_covered_display": "100", "missing_lines": 0, "excluded_lines": 0}, "missing_lines": [], "excluded_lines": []}, "dataset_to_zarr": {"executed_lines": [238, 239, 241, 243, 244, 246, 247, 248, 250, 251, 256, 257, 259], "summary": {"covered_lines": 13, "num_statements": 13, "percent_covered": 100.0, "percent_covered_display": "100", "missing_lines": 0, "excluded_lines": 0}, "missing_lines": [], "excluded_lines": []}, "": {"executed_lines": [21, 23, 24, 26, 27, 28, 29, 30, 32, 35, 37, 38, 39, 40, 41, 50, 54, 62, 63, 65, 69, 70, 74, 77, 90, 95, 96, 129, 132, 148, 151, 155, 166, 167, 196, 200, 216, 220, 232], "summary": {"covered_lines": 35, "num_statements": 35, "percent_covered": 100.0, "percent_covered_display": "100", "missing_lines": 0, "excluded_lines": 9}, "missing_lines": [], "excluded_lines": [32, 33, 63, 65, 67, 68, 70, 72, 73]}}, "classes": {"Dataset": {"executed_lines": [64, 66], "summary": {"covered_lines": 0, "num_statements": 0, "percent_covered": 100.0, "percent_covered_display": "100", "missing_lines": 0, "excluded_lines": 2}, "missing_lines": [], "excluded_lines": [64, 66]}, "IterableDataset": {"executed_lines": [71], "summary": {"covered_lines": 0, "num_statements": 0, "percent_covered": 100.0, "percent_covered_display": "100", "missing_lines": 0, "excluded_lines": 1}, "missing_lines": [], "excluded_lines": [71]}, "SLDatasetBatch": {"executed_lines": [82, 83, 85, 91, 101, 103], "summary": {"covered_lines": 6, "num_statements": 6, "percent_covered": 100.0, "percent_covered_display": "100", "missing_lines": 0, "excluded_lines": 0}, "missing_lines": [], "excluded_lines": []}, "SLDataset": {"executed_lines": [139, 140, 141, 143, 149, 152, 153, 158, 170, 176, 177, 178, 179, 181, 183, 185, 186, 187, 193], "summary": {"covered_lines": 19, "num_statements": 21, "percent_covered": 90.47619047619048, "percent_covered_display": "90", "missing_lines": 2, "excluded_lines": 0}, "missing_lines": [180, 182], "excluded_lines": []}, "IterableSLDataset": {"executed_lines": [207, 208, 209, 211, 217, 218, 223], "summary": {"covered_lines": 7, "num_statements": 7, "percent_covered": 100.0, "percent_covered_display": "100", "missing_lines": 0, "excluded_lines": 0}, "missing_lines": [], "excluded_lines": []}, "": {"executed_lines": [21, 23, 24, 26, 27, 28, 29, 30, 32, 35, 37, 38, 39, 40, 41, 50, 54, 62, 63, 65, 69, 70, 74, 77, 90, 95, 96, 129, 132, 148, 151, 155, 166, 167, 196, 200, 216, 220, 232, 238, 239, 241, 243, 244, 246, 247, 248, 250, 251, 256, 257, 259], "summary": {"covered_lines": 48, "num_statements": 48, "percent_covered": 100.0, "percent_covered_display": "100", "missing_lines": 0, "excluded_lines": 9}, "missing_lines": [], "excluded_lines": [32, 33, 63, 65, 67, 68, 70, 72, 73]}}}, "src\\cslrtools2\\sldataset\\dataset\\holder.py": {"executed_lines": [15, 21, 23, 26, 27, 39, 40, 49, 51, 52, 61, 63, 64, 73, 75, 76, 85], "summary": {"covered_lines": 15, "num_statements": 15, "percent_covered": 100.0, "percent_covered_display": "100", "missing_lines": 0, "excluded_lines": 0}, "missing_lines": [], "excluded_lines": [], "functions": {"SLKeyHolder.is_metadata_key": {"executed_lines": [49], "summary": {"covered_lines": 1, "num_statements": 1, "percent_covered": 100.0, "percent_covered_display": "100", "missing_lines": 0, "excluded_lines": 0}, "missing_lines": [], "excluded_lines": []}, "SLKeyHolder.is_video_key": {"executed_lines": [61], "summary": {"covered_lines": 1, "num_statements": 1, "percent_covered": 100.0, "percent_covered_display": "100", "missing_lines": 0, "excluded_lines": 0}, "missing_lines": [], "excluded_lines": []}, "SLKeyHolder.is_landmark_key": {"executed_lines": [73], "summary": {"covered_lines": 1, "num_statements": 1, "percent_covered": 100.0, "percent_covered_display": "100", "missing_lines": 0, "excluded_lines": 0}, "missing_lines": [], "excluded_lines": []}, "SLKeyHolder.is_target_key": {"executed_lines": [85], "summary": {"covered_lines": 1, "num_statements": 1, "percent_covered": 100.0, "percent_covered_display": "100", "missing_lines": 0, "excluded_lines": 0}, "missing_lines": [], "excluded_lines": []}, "": {"executed_lines": [15, 21, 23, 26, 27, 39, 40, 51, 52, 63, 64, 75, 76], "summary": {"covered_lines": 11, "num_statements": 11, "percent_covered": 100.0, "percent_covered_display": "100", "missing_lines": 0, "excluded_lines": 0}, "missing_lines": [], "excluded_lines": []}}, "classes": {"SLKeyHolder": {"executed_lines": [49, 61, 73, 85], "summary": {"covered_lines": 4, "num_statements": 4, "percent_covered": 100.0, "percent_covered_display": "100", "missing_lines": 0, "excluded_lines": 0}, "missing_lines": [], "excluded_lines": []}, "": {"executed_lines": [15, 21, 23, 26, 27, 39, 40, 51, 52, 63, 64, 75, 76], "summary": {"covered_lines": 11, "num_statements": 11, "percent_covered": 100.0, "percent_covered_display": "100", "missing_lines": 0, "excluded_lines": 0}, "missing_lines": [], "excluded_lines": []}}}, "src\\cslrtools2\\sldataset\\dataset\\item.py": {"executed_lines": [15, 21, 23, 24, 26, 27, 28, 29, 31, 34, 36, 37, 38, 39, 45, 50, 54, 58, 72, 80, 106, 112, 113, 114, 116, 121, 135, 141, 151, 152, 154, 156, 157, 158, 160, 161, 162, 164, 165, 166, 168, 170, 171, 188, 190, 191, 193, 196, 202, 206, 208, 209, 222, 224, 226, 227, 229, 230, 232, 233, 235, 239, 240, 241, 242, 243, 245, 246, 250, 252, 253, 263, 266, 269, 273, 275, 276, 283], "summary": {"covered_lines": 75, "num_statements": 79, "percent_covered": 94.9367088607595, "percent_covered_display": "95", "missing_lines": 4, "excluded_lines": 2}, "missing_lines": [228, 231, 234, 244], "excluded_lines": [31, 32], "functions": {"SLDatasetItem.__init__": {"executed_lines": [112, 113, 114, 116], "summary": {"covered_lines": 4, "num_statements": 4, "percent_covered": 100.0, "percent_covered_display": "100", "missing_lines": 0, "excluded_lines": 0}, "missing_lines": [], "excluded_lines": []}, "SLDatasetItem.to": {"executed_lines": [135], "summary": {"covered_lines": 1, "num_statements": 1, "percent_covered": 100.0, "percent_covered_display": "100", "missing_lines": 0, "excluded_lines": 0}, "missing_lines": [], "excluded_lines": []}, "SLDatasetItem.to_zarr": {"executed_lines": [151, 152, 154, 156, 157, 158, 160, 161, 162, 164, 165, 166, 168], "summary": {"covered_lines": 13, "num_statements": 13, "percent_covered": 100.0, "percent_covered_display": "100", "missing_lines": 0, "excluded_lines": 0}, "missing_lines": [], "excluded_lines": []}, "SLDatasetItem.from_file_system": {"executed_lines": [188, 190, 191, 193, 196, 202, 206], "summary": {"covered_lines": 7, "num_statements": 7, "percent_covered": 100.0, "percent_covered_display": "100", "missing_lines": 0, "excluded_lines": 0}, "missing_lines": [], "excluded_lines": []}, "SLDatasetItem._load_category_from_fs": {"executed_lines": [222, 224, 226, 227, 229, 230, 232, 233, 235, 239, 240, 241, 242, 243, 245, 246, 250], "summary": {"covered_lines": 17, "num_statements": 21, "percent_covered": 80.95238095238095, "percent_covered_display": "81", "missing_lines": 4, "excluded_lines": 0}, "missing_lines": [228, 231, 234, 244], "excluded_lines": []}, "SLDatasetItem.from_zarr": {"executed_lines": [263, 266, 269, 273], "summary": {"covered_lines": 4, "num_statements": 4, "percent_covered": 100.0, "percent_covered_display": "100", "missing_lines": 0, "excluded_lines": 0}, "missing_lines": [], "excluded_lines": []}, "SLDatasetItem._load_category_from_zarr": {"executed_lines": [283], "summary": {"covered_lines": 1, "num_statements": 1, "percent_covered": 100.0, "percent_covered_display": "100", "missing_lines": 0, "excluded_lines": 0}, "missing_lines": [], "excluded_lines": []}, "": {"executed_lines": [15, 21, 23, 24, 26, 27, 28, 29, 31, 34, 36, 37, 38, 39, 45, 50, 54, 58, 72, 80, 106, 121, 141, 170, 171, 208, 209, 252, 253, 275, 276], "summary": {"covered_lines": 28, "num_statements": 28, "percent_covered": 100.0, "percent_covered_display": "100", "missing_lines": 0, "excluded_lines": 2}, "missing_lines": [], "excluded_lines": [31, 32]}}, "classes": {"SLDatasetItem": {"executed_lines": [112, 113, 114, 116, 135, 151, 152, 154, 156, 157, 158, 160, 161, 162, 164, 165, 166, 168, 188, 190, 191, 193, 196, 202, 206, 222, 224, 226, 227, 229, 230, 232, 233, 235, 239, 240, 241, 242, 243, 245, 246, 250, 263, 266, 269, 273, 283], "summary": {"covered_lines": 47, "num_statements": 51, "percent_covered": 92.15686274509804, "percent_covered_display": "92", "missing_lines": 4, "excluded_lines": 0}, "missing_lines": [228, 231, 234, 244], "excluded_lines": []}, "": {"executed_lines": [15, 21, 23, 24, 26, 27, 28, 29, 31, 34, 36, 37, 38, 39, 45, 50, 54, 58, 72, 80, 106, 121, 141, 170, 171, 208, 209, 252, 253, 275, 276], "summary": {"covered_lines": 28, "num_statements": 28, "percent_covered": 100.0, "percent_covered_display": "100", "missing_lines": 0, "excluded_lines": 2}, "missing_lines": [], "excluded_lines": [31, 32]}}}, "src\\cslrtools2\\sldataset\\logger.py": {"executed_lines": [16, 18, 20, 22, 24], "summary": {"covered_lines": 5, "num_statements": 5, "percent_covered": 100.0, "percent_covered_display": "100", "missing_lines": 0, "excluded_lines": 0}, "missing_lines": [], "excluded_lines": [], "functions": {"": {"executed_lines": [16, 18, 20, 22, 24], "summary": {"covered_lines": 5, "num_statements": 5, "percent_covered": 100.0, "percent_covered_display": "100", "missing_lines": 0, "excluded_lines": 0}, "missing_lines": [], "excluded_lines": []}}, "classes": {"": {"executed_lines": [16, 18, 20, 22, 24], "summary": {"covered_lines": 5, "num_statements": 5, "percent_covered": 100.0, "percent_covered_display": "100", "missing_lines": 0, "excluded_lines": 0}, "missing_lines": [], "excluded_lines": []}}}, "src\\cslrtools2\\sldataset\\utils.py": {"executed_lines": [16, 18, 19, 20, 22, 23, 26, 39, 40, 41, 42, 45, 48, 61, 62, 63, 64, 67, 70, 83, 84, 85, 86, 87], "summary": {"covered_lines": 24, "num_statements": 24, "percent_covered": 100.0, "percent_covered_display": "100", "missing_lines": 0, "excluded_lines": 0}, "missing_lines": [], "excluded_lines": [], "functions": {"get_array": {"executed_lines": [39, 40, 41, 42, 45], "summary": {"covered_lines": 5, "num_statements": 5, "percent_covered": 100.0, "percent_covered_display": "100", "missing_lines": 0, "excluded_lines": 0}, "missing_lines": [], "excluded_lines": []}, "get_group": {"executed_lines": [61, 62, 63, 64, 67], "summary": {"covered_lines": 5, "num_statements": 5, "percent_covered": 100.0, "percent_covered_display": "100", "missing_lines": 0, "excluded_lines": 0}, "missing_lines": [], "excluded_lines": []}, "as_tensor": {"executed_lines": [83, 84, 85, 86, 87], "summary": {"covered_lines": 5, "num_statements": 5, "percent_covered": 100.0, "percent_covered_display": "100", "missing_lines": 0, "excluded_lines": 0}, "missing_lines": [], "excluded_lines": []}, "": {"executed_lines": [16, 18, 19, 20, 22, 23, 26, 48, 70], "summary": {"covered_lines": 9, "num_statements": 9, "percent_covered": 100.0, "percent_covered_display": "100", "missing_lines": 0, "excluded_lines": 0}, "missing_lines": [], "excluded_lines": []}}, "classes": {"": {"executed_lines": [16, 18, 19, 20, 22, 23, 26, 39, 40, 41, 42, 45, 48, 61, 62, 63, 64, 67, 70, 83, 84, 85, 86, 87], "summary": {"covered_lines": 24, "num_statements": 24, "percent_covered": 100.0, "percent_covered_display": "100", "missing_lines": 0, "excluded_lines": 0}, "missing_lines": [], "excluded_lines": []}}}, "src\\cslrtools2\\typings\\__init__.py": {"executed_lines": [16, 18, 19, 21, 22, 24, 39, 40, 41, 42, 43, 44, 47, 48, 70, 77, 78, 80, 81, 82, 83, 84, 85, 87, 88, 90, 98, 99, 100], "summary": {"covered_lines": 25, "num_statements": 25, "percent_covered": 100.0, "percent_covered_display": "100", "missing_lines": 0, "excluded_lines": 18}, "missing_lines": [], "excluded_lines": [24, 26, 27, 32, 37, 70, 71, 72, 73, 74, 75, 90, 91, 92, 93, 94, 95, 96], "functions": {"SupportsArray.__array__": {"executed_lines": [], "summary": {"covered_lines": 0, "num_statements": 0, "percent_covered": 100.0, "percent_covered_display": "100", "missing_lines": 0, "excluded_lines": 1}, "missing_lines": [], "excluded_lines": [72]}, "": {"executed_lines": [16, 18, 19, 21, 22, 24, 39, 40, 41, 42, 43, 44, 47, 48, 70, 77, 78, 80, 81, 82, 83, 84, 85, 87, 88, 90, 98, 99, 100], "summary": {"covered_lines": 25, "num_statements": 25, "percent_covered": 100.0, "percent_covered_display": "100", "missing_lines": 0, "excluded_lines": 17}, "missing_lines": [], "excluded_lines": [24, 26, 27, 32, 37, 70, 71, 73, 74, 75, 90, 91, 92, 93, 94, 95, 96]}}, "classes": {"SupportsArray": {"executed_lines": [], "summary": {"covered_lines": 0, "num_statements": 0, "percent_covered": 100.0, "percent_covered_display": "100", "missing_lines": 0, "excluded_lines": 1}, "missing_lines": [], "excluded_lines": [72]}, "": {"executed_lines": [16, 18, 19, 21, 22, 24, 39, 40, 41, 42, 43, 44, 47, 48, 70, 77, 78, 80, 81, 82, 83, 84, 85, 87, 88, 90, 98, 99, 100], "summary": {"covered_lines": 25, "num_statements": 25, "percent_covered": 100.0, "percent_covered_display": "100", "missing_lines": 0, "excluded_lines": 17}, "missing_lines": [], "excluded_lines": [24, 26, 27, 32, 37, 70, 71, 73, 74, 75, 90, 91, 92, 93, 94, 95, 96]}}}}, "totals": {"covered_lines": 2175, "num_statements": 2434, "percent_covered": 89.35907970419063, "percent_covered_display": "89", "missing_lines": 259, "excluded_lines": 183}}